{"/Users/harshgoyal/Desktop/db-query-portal/frontend/src/components/button/index.tsx": {"path":"/Users/harshgoyal/Desktop/db-query-portal/frontend/src/components/button/index.tsx","statementMap":{"0":{"start":{"line":10,"column":13},"end":{"line":89,"column":null}},"1":{"start":{"line":12,"column":14},"end":{"line":17,"column":null}},"2":{"start":{"line":19,"column":25},"end":{"line":45,"column":null}},"3":{"start":{"line":47,"column":22},"end":{"line":51,"column":null}},"4":{"start":{"line":53,"column":8},"end":{"line":86,"column":null}},"5":{"start":{"line":91,"column":0},"end":{"line":91,"column":null}}},"fnMap":{"0":{"name":"(anonymous_0)","decl":{"start":{"line":11,"column":4},"end":{"line":11,"column":5}},"loc":{"start":{"line":11,"column":103},"end":{"line":88,"column":null}},"line":11}},"branchMap":{"0":{"loc":{"start":{"line":11,"column":18},"end":{"line":11,"column":39}},"type":"default-arg","locations":[{"start":{"line":11,"column":28},"end":{"line":11,"column":39}}],"line":11},"1":{"loc":{"start":{"line":11,"column":39},"end":{"line":11,"column":52}},"type":"default-arg","locations":[{"start":{"line":11,"column":46},"end":{"line":11,"column":52}}],"line":11},"2":{"loc":{"start":{"line":57,"column":26},"end":{"line":57,"column":null}},"type":"binary-expr","locations":[{"start":{"line":57,"column":26},"end":{"line":57,"column":38}},{"start":{"line":57,"column":38},"end":{"line":57,"column":null}}],"line":57},"3":{"loc":{"start":{"line":60,"column":17},"end":{"line":84,"column":null}},"type":"cond-expr","locations":[{"start":{"line":61,"column":20},"end":{"line":82,"column":null}},{"start":{"line":84,"column":20},"end":{"line":84,"column":null}}],"line":60}},"s":{"0":7,"1":260,"2":260,"3":260,"4":260,"5":7},"f":{"0":260},"b":{"0":[260],"1":[260],"2":[260,257],"3":[3,257]},"meta":{"lastBranch":4,"lastFunction":1,"lastStatement":6,"seen":{"s:10:13:89:Infinity":0,"f:11:4:11:5":0,"b:11:28:11:39":0,"b:11:46:11:52":1,"s:12:14:17:Infinity":1,"s:19:25:45:Infinity":2,"s:47:22:51:Infinity":3,"s:53:8:86:Infinity":4,"b:57:26:57:38:57:38:57:Infinity":2,"b:61:20:82:Infinity:84:20:84:Infinity":3,"s:91:0:91:Infinity":5}}}
,"/Users/harshgoyal/Desktop/db-query-portal/frontend/src/components/card/index.tsx": {"path":"/Users/harshgoyal/Desktop/db-query-portal/frontend/src/components/card/index.tsx","statementMap":{"0":{"start":{"line":12,"column":26},"end":{"line":17,"column":null}},"1":{"start":{"line":19,"column":4},"end":{"line":29,"column":null}},"2":{"start":{"line":34,"column":4},"end":{"line":37,"column":null}},"3":{"start":{"line":42,"column":4},"end":{"line":45,"column":null}},"4":{"start":{"line":50,"column":4},"end":{"line":53,"column":null}},"5":{"start":{"line":58,"column":4},"end":{"line":61,"column":null}},"6":{"start":{"line":66,"column":4},"end":{"line":69,"column":null}}},"fnMap":{"0":{"name":"Card","decl":{"start":{"line":11,"column":16},"end":{"line":11,"column":21}},"loc":{"start":{"line":11,"column":91},"end":{"line":31,"column":null}},"line":11},"1":{"name":"CardHeader","decl":{"start":{"line":33,"column":16},"end":{"line":33,"column":27}},"loc":{"start":{"line":33,"column":97},"end":{"line":39,"column":null}},"line":33},"2":{"name":"CardTitle","decl":{"start":{"line":41,"column":16},"end":{"line":41,"column":26}},"loc":{"start":{"line":41,"column":96},"end":{"line":47,"column":null}},"line":41},"3":{"name":"CardDescription","decl":{"start":{"line":49,"column":16},"end":{"line":49,"column":32}},"loc":{"start":{"line":49,"column":102},"end":{"line":55,"column":null}},"line":49},"4":{"name":"CardContent","decl":{"start":{"line":57,"column":16},"end":{"line":57,"column":28}},"loc":{"start":{"line":57,"column":98},"end":{"line":63,"column":null}},"line":57},"5":{"name":"CardFooter","decl":{"start":{"line":65,"column":16},"end":{"line":65,"column":27}},"loc":{"start":{"line":65,"column":97},"end":{"line":71,"column":null}},"line":65}},"branchMap":{"0":{"loc":{"start":{"line":11,"column":44},"end":{"line":11,"column":60}},"type":"default-arg","locations":[{"start":{"line":11,"column":54},"end":{"line":11,"column":60}}],"line":11},"1":{"loc":{"start":{"line":11,"column":60},"end":{"line":11,"column":77}},"type":"default-arg","locations":[{"start":{"line":11,"column":71},"end":{"line":11,"column":77}}],"line":11},"2":{"loc":{"start":{"line":24,"column":16},"end":{"line":24,"column":null}},"type":"binary-expr","locations":[{"start":{"line":24,"column":16},"end":{"line":24,"column":28}},{"start":{"line":24,"column":28},"end":{"line":24,"column":null}}],"line":24}},"s":{"0":6,"1":6,"2":1,"3":1,"4":1,"5":1,"6":1},"f":{"0":6,"1":1,"2":1,"3":1,"4":1,"5":1},"b":{"0":[6],"1":[6],"2":[6,1]},"meta":{"lastBranch":3,"lastFunction":6,"lastStatement":7,"seen":{"f:11:16:11:21":0,"b:11:54:11:60":0,"b:11:71:11:77":1,"s:12:26:17:Infinity":0,"s:19:4:29:Infinity":1,"b:24:16:24:28:24:28:24:Infinity":2,"f:33:16:33:27":1,"s:34:4:37:Infinity":2,"f:41:16:41:26":2,"s:42:4:45:Infinity":3,"f:49:16:49:32":3,"s:50:4:53:Infinity":4,"f:57:16:57:28":4,"s:58:4:61:Infinity":5,"f:65:16:65:27":5,"s:66:4:69:Infinity":6}}}
,"/Users/harshgoyal/Desktop/db-query-portal/frontend/src/components/code-viewer/index.tsx": {"path":"/Users/harshgoyal/Desktop/db-query-portal/frontend/src/components/code-viewer/index.tsx","statementMap":{"0":{"start":{"line":10,"column":0},"end":{"line":10,"column":null}},"1":{"start":{"line":11,"column":0},"end":{"line":11,"column":null}},"2":{"start":{"line":12,"column":0},"end":{"line":12,"column":null}},"3":{"start":{"line":29,"column":10},"end":{"line":29,"column":null}},"4":{"start":{"line":30,"column":28},"end":{"line":30,"column":null}},"5":{"start":{"line":32,"column":4},"end":{"line":39,"column":null}},"6":{"start":{"line":33,"column":8},"end":{"line":38,"column":null}},"7":{"start":{"line":35,"column":12},"end":{"line":35,"column":null}},"8":{"start":{"line":37,"column":12},"end":{"line":37,"column":null}},"9":{"start":{"line":41,"column":23},"end":{"line":49,"column":null}},"10":{"start":{"line":42,"column":8},"end":{"line":48,"column":null}},"11":{"start":{"line":43,"column":12},"end":{"line":43,"column":null}},"12":{"start":{"line":44,"column":12},"end":{"line":44,"column":null}},"13":{"start":{"line":45,"column":12},"end":{"line":45,"column":null}},"14":{"start":{"line":45,"column":29},"end":{"line":45,"column":47}},"15":{"start":{"line":47,"column":12},"end":{"line":47,"column":null}},"16":{"start":{"line":52,"column":23},"end":{"line":52,"column":null}},"17":{"start":{"line":54,"column":18},"end":{"line":54,"column":null}},"18":{"start":{"line":56,"column":4},"end":{"line":125,"column":null}},"19":{"start":{"line":94,"column":32},"end":{"line":96,"column":null}}},"fnMap":{"0":{"name":"CodeViewer","decl":{"start":{"line":22,"column":16},"end":{"line":22,"column":27}},"loc":{"start":{"line":28,"column":20},"end":{"line":127,"column":null}},"line":28},"1":{"name":"(anonymous_1)","decl":{"start":{"line":32,"column":14},"end":{"line":32,"column":20}},"loc":{"start":{"line":32,"column":20},"end":{"line":39,"column":7}},"line":32},"2":{"name":"(anonymous_2)","decl":{"start":{"line":41,"column":23},"end":{"line":41,"column":35}},"loc":{"start":{"line":41,"column":35},"end":{"line":49,"column":null}},"line":41},"3":{"name":"(anonymous_3)","decl":{"start":{"line":45,"column":23},"end":{"line":45,"column":29}},"loc":{"start":{"line":45,"column":29},"end":{"line":45,"column":47}},"line":45},"4":{"name":"(anonymous_4)","decl":{"start":{"line":93,"column":39},"end":{"line":93,"column":40}},"loc":{"start":{"line":94,"column":32},"end":{"line":96,"column":null}},"line":94}},"branchMap":{"0":{"loc":{"start":{"line":24,"column":4},"end":{"line":24,"column":null}},"type":"default-arg","locations":[{"start":{"line":24,"column":15},"end":{"line":24,"column":null}}],"line":24},"1":{"loc":{"start":{"line":26,"column":4},"end":{"line":26,"column":null}},"type":"default-arg","locations":[{"start":{"line":26,"column":22},"end":{"line":26,"column":null}}],"line":26},"2":{"loc":{"start":{"line":27,"column":4},"end":{"line":27,"column":null}},"type":"default-arg","locations":[{"start":{"line":27,"column":16},"end":{"line":27,"column":null}}],"line":27},"3":{"loc":{"start":{"line":33,"column":8},"end":{"line":38,"column":null}},"type":"if","locations":[{"start":{"line":33,"column":8},"end":{"line":38,"column":null}},{"start":{},"end":{}}],"line":33},"4":{"loc":{"start":{"line":52,"column":23},"end":{"line":52,"column":null}},"type":"cond-expr","locations":[{"start":{"line":52,"column":48},"end":{"line":52,"column":63}},{"start":{"line":52,"column":63},"end":{"line":52,"column":null}}],"line":52},"5":{"loc":{"start":{"line":68,"column":20},"end":{"line":70,"column":null}},"type":"cond-expr","locations":[{"start":{"line":69,"column":26},"end":{"line":69,"column":null}},{"start":{"line":70,"column":26},"end":{"line":70,"column":null}}],"line":68},"6":{"loc":{"start":{"line":72,"column":23},"end":{"line":72,"column":null}},"type":"cond-expr","locations":[{"start":{"line":72,"column":32},"end":{"line":72,"column":44}},{"start":{"line":72,"column":44},"end":{"line":72,"column":null}}],"line":72},"7":{"loc":{"start":{"line":74,"column":17},"end":{"line":81,"column":null}},"type":"cond-expr","locations":[{"start":{"line":75,"column":20},"end":{"line":77,"column":null}},{"start":{"line":79,"column":20},"end":{"line":81,"column":null}}],"line":74},"8":{"loc":{"start":{"line":89,"column":17},"end":{"line":122,"column":null}},"type":"cond-expr","locations":[{"start":{"line":90,"column":20},"end":{"line":113,"column":null}},{"start":{"line":115,"column":20},"end":{"line":122,"column":null}}],"line":89}},"s":{"0":2,"1":2,"2":2,"3":16,"4":16,"5":16,"6":15,"7":15,"8":15,"9":16,"10":2,"11":2,"12":1,"13":1,"14":0,"15":1,"16":16,"17":16,"18":16,"19":12},"f":{"0":16,"1":15,"2":2,"3":0,"4":12},"b":{"0":[16],"1":[16],"2":[16],"3":[15,0],"4":[1,15],"5":[1,15],"6":[1,15],"7":[1,15],"8":[9,7]},"meta":{"lastBranch":9,"lastFunction":5,"lastStatement":20,"seen":{"s:10:0:10:Infinity":0,"s:11:0:11:Infinity":1,"s:12:0:12:Infinity":2,"f:22:16:22:27":0,"b:24:15:24:Infinity":0,"b:26:22:26:Infinity":1,"b:27:16:27:Infinity":2,"s:29:10:29:Infinity":3,"s:30:28:30:Infinity":4,"s:32:4:39:Infinity":5,"f:32:14:32:20":1,"b:33:8:38:Infinity:undefined:undefined:undefined:undefined":3,"s:33:8:38:Infinity":6,"s:35:12:35:Infinity":7,"s:37:12:37:Infinity":8,"s:41:23:49:Infinity":9,"f:41:23:41:35":2,"s:42:8:48:Infinity":10,"s:43:12:43:Infinity":11,"s:44:12:44:Infinity":12,"s:45:12:45:Infinity":13,"f:45:23:45:29":3,"s:45:29:45:47":14,"s:47:12:47:Infinity":15,"s:52:23:52:Infinity":16,"b:52:48:52:63:52:63:52:Infinity":4,"s:54:18:54:Infinity":17,"s:56:4:125:Infinity":18,"b:69:26:69:Infinity:70:26:70:Infinity":5,"b:72:32:72:44:72:44:72:Infinity":6,"b:75:20:77:Infinity:79:20:81:Infinity":7,"b:90:20:113:Infinity:115:20:122:Infinity":8,"f:93:39:93:40":4,"s:94:32:96:Infinity":19}}}
,"/Users/harshgoyal/Desktop/db-query-portal/frontend/src/components/empty-state/index.tsx": {"path":"/Users/harshgoyal/Desktop/db-query-portal/frontend/src/components/empty-state/index.tsx","statementMap":{"0":{"start":{"line":23,"column":4},"end":{"line":61,"column":null}},"1":{"start":{"line":67,"column":4},"end":{"line":82,"column":null}},"2":{"start":{"line":87,"column":4},"end":{"line":101,"column":null}},"3":{"start":{"line":106,"column":4},"end":{"line":121,"column":null}}},"fnMap":{"0":{"name":"EmptyState","decl":{"start":{"line":16,"column":16},"end":{"line":16,"column":27}},"loc":{"start":{"line":22,"column":20},"end":{"line":63,"column":null}},"line":22},"1":{"name":"NoSubmissionsEmpty","decl":{"start":{"line":66,"column":16},"end":{"line":66,"column":35}},"loc":{"start":{"line":66,"column":81},"end":{"line":84,"column":null}},"line":66},"2":{"name":"NoPendingRequestsEmpty","decl":{"start":{"line":86,"column":16},"end":{"line":86,"column":41}},"loc":{"start":{"line":86,"column":41},"end":{"line":103,"column":null}},"line":86},"3":{"name":"NoResultsEmpty","decl":{"start":{"line":105,"column":16},"end":{"line":105,"column":31}},"loc":{"start":{"line":105,"column":70},"end":{"line":123,"column":null}},"line":105}},"branchMap":{"0":{"loc":{"start":{"line":30,"column":13},"end":{"line":47,"column":null}},"type":"cond-expr","locations":[{"start":{"line":31,"column":16},"end":{"line":31,"column":null}},{"start":{"line":33,"column":16},"end":{"line":47,"column":null}}],"line":30},"1":{"loc":{"start":{"line":52,"column":13},"end":{"line":53,"column":null}},"type":"binary-expr","locations":[{"start":{"line":52,"column":13},"end":{"line":52,"column":null}},{"start":{"line":53,"column":16},"end":{"line":53,"column":null}}],"line":52},"2":{"loc":{"start":{"line":56,"column":13},"end":{"line":59,"column":null}},"type":"binary-expr","locations":[{"start":{"line":56,"column":13},"end":{"line":56,"column":null}},{"start":{"line":57,"column":16},"end":{"line":59,"column":null}}],"line":56},"3":{"loc":{"start":{"line":120,"column":20},"end":{"line":120,"column":null}},"type":"cond-expr","locations":[{"start":{"line":120,"column":30},"end":{"line":120,"column":77}},{"start":{"line":120,"column":77},"end":{"line":120,"column":null}}],"line":120}},"s":{"0":9,"1":1,"2":2,"3":2},"f":{"0":9,"1":1,"2":2,"3":2},"b":{"0":[6,3],"1":[9,6],"2":[9,3],"3":[1,1]},"meta":{"lastBranch":4,"lastFunction":4,"lastStatement":4,"seen":{"f:16:16:16:27":0,"s:23:4:61:Infinity":0,"b:31:16:31:Infinity:33:16:47:Infinity":0,"b:52:13:52:Infinity:53:16:53:Infinity":1,"b:56:13:56:Infinity:57:16:59:Infinity":2,"f:66:16:66:35":1,"s:67:4:82:Infinity":1,"f:86:16:86:41":2,"s:87:4:101:Infinity":2,"f:105:16:105:31":3,"s:106:4:121:Infinity":3,"b:120:30:120:77:120:77:120:Infinity":3}}}
,"/Users/harshgoyal/Desktop/db-query-portal/frontend/src/components/file-upload/index.tsx": {"path":"/Users/harshgoyal/Desktop/db-query-portal/frontend/src/components/file-upload/index.tsx","statementMap":{"0":{"start":{"line":23,"column":36},"end":{"line":23,"column":null}},"1":{"start":{"line":24,"column":36},"end":{"line":24,"column":null}},"2":{"start":{"line":26,"column":10},"end":{"line":45,"column":null}},"3":{"start":{"line":28,"column":12},"end":{"line":28,"column":null}},"4":{"start":{"line":31,"column":12},"end":{"line":34,"column":null}},"5":{"start":{"line":32,"column":16},"end":{"line":32,"column":null}},"6":{"start":{"line":33,"column":16},"end":{"line":33,"column":null}},"7":{"start":{"line":37,"column":12},"end":{"line":40,"column":null}},"8":{"start":{"line":38,"column":16},"end":{"line":38,"column":null}},"9":{"start":{"line":39,"column":16},"end":{"line":39,"column":null}},"10":{"start":{"line":42,"column":12},"end":{"line":42,"column":null}},"11":{"start":{"line":47,"column":10},"end":{"line":58,"column":null}},"12":{"start":{"line":49,"column":12},"end":{"line":49,"column":null}},"13":{"start":{"line":50,"column":12},"end":{"line":50,"column":null}},"14":{"start":{"line":52,"column":12},"end":{"line":52,"column":null}},"15":{"start":{"line":52,"column":26},"end":{"line":52,"column":null}},"16":{"start":{"line":54,"column":25},"end":{"line":54,"column":null}},"17":{"start":{"line":55,"column":12},"end":{"line":55,"column":null}},"18":{"start":{"line":55,"column":22},"end":{"line":55,"column":null}},"19":{"start":{"line":60,"column":10},"end":{"line":66,"column":null}},"20":{"start":{"line":62,"column":12},"end":{"line":62,"column":null}},"21":{"start":{"line":63,"column":12},"end":{"line":63,"column":null}},"22":{"start":{"line":63,"column":27},"end":{"line":63,"column":null}},"23":{"start":{"line":68,"column":10},"end":{"line":71,"column":null}},"24":{"start":{"line":69,"column":8},"end":{"line":69,"column":null}},"25":{"start":{"line":70,"column":8},"end":{"line":70,"column":null}},"26":{"start":{"line":73,"column":10},"end":{"line":79,"column":null}},"27":{"start":{"line":75,"column":25},"end":{"line":75,"column":null}},"28":{"start":{"line":76,"column":12},"end":{"line":76,"column":null}},"29":{"start":{"line":76,"column":22},"end":{"line":76,"column":null}},"30":{"start":{"line":81,"column":25},"end":{"line":81,"column":null}},"31":{"start":{"line":83,"column":4},"end":{"line":157,"column":null}}},"fnMap":{"0":{"name":"FileUpload","decl":{"start":{"line":14,"column":16},"end":{"line":14,"column":27}},"loc":{"start":{"line":22,"column":20},"end":{"line":159,"column":null}},"line":22},"1":{"name":"(anonymous_1)","decl":{"start":{"line":27,"column":8},"end":{"line":27,"column":9}},"loc":{"start":{"line":27,"column":24},"end":{"line":43,"column":null}},"line":27},"2":{"name":"(anonymous_2)","decl":{"start":{"line":48,"column":8},"end":{"line":48,"column":9}},"loc":{"start":{"line":48,"column":32},"end":{"line":56,"column":null}},"line":48},"3":{"name":"(anonymous_3)","decl":{"start":{"line":61,"column":8},"end":{"line":61,"column":9}},"loc":{"start":{"line":61,"column":32},"end":{"line":64,"column":null}},"line":61},"4":{"name":"(anonymous_4)","decl":{"start":{"line":68,"column":40},"end":{"line":68,"column":41}},"loc":{"start":{"line":68,"column":64},"end":{"line":71,"column":7}},"line":68},"5":{"name":"(anonymous_5)","decl":{"start":{"line":74,"column":8},"end":{"line":74,"column":9}},"loc":{"start":{"line":74,"column":52},"end":{"line":77,"column":null}},"line":74}},"branchMap":{"0":{"loc":{"start":{"line":16,"column":4},"end":{"line":16,"column":null}},"type":"default-arg","locations":[{"start":{"line":16,"column":13},"end":{"line":16,"column":null}}],"line":16},"1":{"loc":{"start":{"line":17,"column":4},"end":{"line":17,"column":null}},"type":"default-arg","locations":[{"start":{"line":17,"column":14},"end":{"line":17,"column":null}}],"line":17},"2":{"loc":{"start":{"line":31,"column":12},"end":{"line":34,"column":null}},"type":"if","locations":[{"start":{"line":31,"column":12},"end":{"line":34,"column":null}},{"start":{},"end":{}}],"line":31},"3":{"loc":{"start":{"line":31,"column":16},"end":{"line":31,"column":72}},"type":"binary-expr","locations":[{"start":{"line":31,"column":16},"end":{"line":31,"column":26}},{"start":{"line":31,"column":26},"end":{"line":31,"column":72}}],"line":31},"4":{"loc":{"start":{"line":37,"column":12},"end":{"line":40,"column":null}},"type":"if","locations":[{"start":{"line":37,"column":12},"end":{"line":40,"column":null}},{"start":{},"end":{}}],"line":37},"5":{"loc":{"start":{"line":52,"column":12},"end":{"line":52,"column":null}},"type":"if","locations":[{"start":{"line":52,"column":12},"end":{"line":52,"column":null}},{"start":{},"end":{}}],"line":52},"6":{"loc":{"start":{"line":55,"column":12},"end":{"line":55,"column":null}},"type":"if","locations":[{"start":{"line":55,"column":12},"end":{"line":55,"column":null}},{"start":{},"end":{}}],"line":55},"7":{"loc":{"start":{"line":63,"column":12},"end":{"line":63,"column":null}},"type":"if","locations":[{"start":{"line":63,"column":12},"end":{"line":63,"column":null}},{"start":{},"end":{}}],"line":63},"8":{"loc":{"start":{"line":76,"column":12},"end":{"line":76,"column":null}},"type":"if","locations":[{"start":{"line":76,"column":12},"end":{"line":76,"column":null}},{"start":{},"end":{}}],"line":76},"9":{"loc":{"start":{"line":81,"column":25},"end":{"line":81,"column":null}},"type":"binary-expr","locations":[{"start":{"line":81,"column":25},"end":{"line":81,"column":34}},{"start":{"line":81,"column":34},"end":{"line":81,"column":null}}],"line":81},"10":{"loc":{"start":{"line":92,"column":20},"end":{"line":100,"column":null}},"type":"cond-expr","locations":[{"start":{"line":93,"column":26},"end":{"line":93,"column":null}},{"start":{"line":94,"column":26},"end":{"line":100,"column":null}}],"line":92},"11":{"loc":{"start":{"line":94,"column":26},"end":{"line":100,"column":null}},"type":"cond-expr","locations":[{"start":{"line":95,"column":30},"end":{"line":95,"column":null}},{"start":{"line":96,"column":30},"end":{"line":100,"column":null}}],"line":94},"12":{"loc":{"start":{"line":96,"column":30},"end":{"line":100,"column":null}},"type":"cond-expr","locations":[{"start":{"line":97,"column":34},"end":{"line":97,"column":null}},{"start":{"line":98,"column":34},"end":{"line":100,"column":null}}],"line":96},"13":{"loc":{"start":{"line":98,"column":34},"end":{"line":100,"column":null}},"type":"cond-expr","locations":[{"start":{"line":99,"column":38},"end":{"line":99,"column":null}},{"start":{"line":100,"column":38},"end":{"line":100,"column":null}}],"line":98},"14":{"loc":{"start":{"line":111,"column":17},"end":{"line":152,"column":null}},"type":"cond-expr","locations":[{"start":{"line":112,"column":20},"end":{"line":130,"column":null}},{"start":{"line":132,"column":20},"end":{"line":152,"column":null}}],"line":111},"15":{"loc":{"start":{"line":156,"column":13},"end":{"line":156,"column":null}},"type":"binary-expr","locations":[{"start":{"line":156,"column":13},"end":{"line":156,"column":29}},{"start":{"line":156,"column":29},"end":{"line":156,"column":null}}],"line":156}},"s":{"0":17,"1":17,"2":17,"3":4,"4":4,"5":1,"6":1,"7":3,"8":1,"9":1,"10":2,"11":17,"12":3,"13":3,"14":3,"15":1,"16":2,"17":2,"18":1,"19":17,"20":2,"21":2,"22":1,"23":17,"24":1,"25":1,"26":17,"27":4,"28":4,"29":3,"30":17,"31":17},"f":{"0":17,"1":4,"2":3,"3":2,"4":1,"5":4},"b":{"0":[17],"1":[17],"2":[1,3],"3":[4,4],"4":[1,2],"5":[1,2],"6":[1,1],"7":[1,1],"8":[3,1],"9":[17,16],"10":[1,16],"11":[1,15],"12":[3,12],"13":[2,10],"14":[2,15],"15":[17,3]},"meta":{"lastBranch":16,"lastFunction":6,"lastStatement":32,"seen":{"f:14:16:14:27":0,"b:16:13:16:Infinity":0,"b:17:14:17:Infinity":1,"s:23:36:23:Infinity":0,"s:24:36:24:Infinity":1,"s:26:10:45:Infinity":2,"f:27:8:27:9":1,"s:28:12:28:Infinity":3,"b:31:12:34:Infinity:undefined:undefined:undefined:undefined":2,"s:31:12:34:Infinity":4,"b:31:16:31:26:31:26:31:72":3,"s:32:16:32:Infinity":5,"s:33:16:33:Infinity":6,"b:37:12:40:Infinity:undefined:undefined:undefined:undefined":4,"s:37:12:40:Infinity":7,"s:38:16:38:Infinity":8,"s:39:16:39:Infinity":9,"s:42:12:42:Infinity":10,"s:47:10:58:Infinity":11,"f:48:8:48:9":2,"s:49:12:49:Infinity":12,"s:50:12:50:Infinity":13,"b:52:12:52:Infinity:undefined:undefined:undefined:undefined":5,"s:52:12:52:Infinity":14,"s:52:26:52:Infinity":15,"s:54:25:54:Infinity":16,"b:55:12:55:Infinity:undefined:undefined:undefined:undefined":6,"s:55:12:55:Infinity":17,"s:55:22:55:Infinity":18,"s:60:10:66:Infinity":19,"f:61:8:61:9":3,"s:62:12:62:Infinity":20,"b:63:12:63:Infinity:undefined:undefined:undefined:undefined":7,"s:63:12:63:Infinity":21,"s:63:27:63:Infinity":22,"s:68:10:71:Infinity":23,"f:68:40:68:41":4,"s:69:8:69:Infinity":24,"s:70:8:70:Infinity":25,"s:73:10:79:Infinity":26,"f:74:8:74:9":5,"s:75:25:75:Infinity":27,"b:76:12:76:Infinity:undefined:undefined:undefined:undefined":8,"s:76:12:76:Infinity":28,"s:76:22:76:Infinity":29,"s:81:25:81:Infinity":30,"b:81:25:81:34:81:34:81:Infinity":9,"s:83:4:157:Infinity":31,"b:93:26:93:Infinity:94:26:100:Infinity":10,"b:95:30:95:Infinity:96:30:100:Infinity":11,"b:97:34:97:Infinity:98:34:100:Infinity":12,"b:99:38:99:Infinity:100:38:100:Infinity":13,"b:112:20:130:Infinity:132:20:152:Infinity":14,"b:156:13:156:29:156:29:156:Infinity":15}}}
,"/Users/harshgoyal/Desktop/db-query-portal/frontend/src/components/input/index.tsx": {"path":"/Users/harshgoyal/Desktop/db-query-portal/frontend/src/components/input/index.tsx","statementMap":{"0":{"start":{"line":10,"column":13},"end":{"line":48,"column":null}},"1":{"start":{"line":12,"column":14},"end":{"line":12,"column":null}},"2":{"start":{"line":13,"column":24},"end":{"line":13,"column":null}},"3":{"start":{"line":15,"column":8},"end":{"line":45,"column":null}},"4":{"start":{"line":50,"column":0},"end":{"line":50,"column":null}}},"fnMap":{"0":{"name":"(anonymous_0)","decl":{"start":{"line":11,"column":4},"end":{"line":11,"column":5}},"loc":{"start":{"line":11,"column":87},"end":{"line":47,"column":null}},"line":11}},"branchMap":{"0":{"loc":{"start":{"line":11,"column":38},"end":{"line":11,"column":53}},"type":"default-arg","locations":[{"start":{"line":11,"column":45},"end":{"line":11,"column":53}}],"line":11},"1":{"loc":{"start":{"line":13,"column":24},"end":{"line":13,"column":null}},"type":"binary-expr","locations":[{"start":{"line":13,"column":24},"end":{"line":13,"column":30}},{"start":{"line":13,"column":30},"end":{"line":13,"column":null}}],"line":13},"2":{"loc":{"start":{"line":17,"column":17},"end":{"line":21,"column":null}},"type":"binary-expr","locations":[{"start":{"line":17,"column":17},"end":{"line":17,"column":null}},{"start":{"line":18,"column":20},"end":{"line":21,"column":null}}],"line":17},"3":{"loc":{"start":{"line":20,"column":25},"end":{"line":20,"column":null}},"type":"binary-expr","locations":[{"start":{"line":20,"column":25},"end":{"line":20,"column":37}},{"start":{"line":20,"column":37},"end":{"line":20,"column":null}}],"line":20},"4":{"loc":{"start":{"line":34,"column":24},"end":{"line":34,"column":null}},"type":"binary-expr","locations":[{"start":{"line":34,"column":24},"end":{"line":34,"column":33}},{"start":{"line":34,"column":33},"end":{"line":34,"column":null}}],"line":34},"5":{"loc":{"start":{"line":39,"column":17},"end":{"line":40,"column":null}},"type":"binary-expr","locations":[{"start":{"line":39,"column":17},"end":{"line":39,"column":25}},{"start":{"line":39,"column":25},"end":{"line":39,"column":null}},{"start":{"line":40,"column":20},"end":{"line":40,"column":null}}],"line":39},"6":{"loc":{"start":{"line":42,"column":17},"end":{"line":43,"column":null}},"type":"binary-expr","locations":[{"start":{"line":42,"column":17},"end":{"line":42,"column":null}},{"start":{"line":43,"column":20},"end":{"line":43,"column":null}}],"line":42}},"s":{"0":3,"1":130,"2":130,"3":130,"4":3},"f":{"0":130},"b":{"0":[130],"1":[130,130],"2":[130,126],"3":[126,1],"4":[130,5],"5":[130,1,1],"6":[130,5]},"meta":{"lastBranch":7,"lastFunction":1,"lastStatement":5,"seen":{"s:10:13:48:Infinity":0,"f:11:4:11:5":0,"b:11:45:11:53":0,"s:12:14:12:Infinity":1,"s:13:24:13:Infinity":2,"b:13:24:13:30:13:30:13:Infinity":1,"s:15:8:45:Infinity":3,"b:17:17:17:Infinity:18:20:21:Infinity":2,"b:20:25:20:37:20:37:20:Infinity":3,"b:34:24:34:33:34:33:34:Infinity":4,"b:39:17:39:25:39:25:39:Infinity:40:20:40:Infinity":5,"b:42:17:42:Infinity:43:20:43:Infinity":6,"s:50:0:50:Infinity":4}}}
,"/Users/harshgoyal/Desktop/db-query-portal/frontend/src/components/loading-spinner/index.tsx": {"path":"/Users/harshgoyal/Desktop/db-query-portal/frontend/src/components/loading-spinner/index.tsx","statementMap":{"0":{"start":{"line":9,"column":18},"end":{"line":13,"column":null}},"1":{"start":{"line":15,"column":4},"end":{"line":35,"column":null}},"2":{"start":{"line":40,"column":4},"end":{"line":43,"column":null}}},"fnMap":{"0":{"name":"LoadingSpinner","decl":{"start":{"line":8,"column":16},"end":{"line":8,"column":31}},"loc":{"start":{"line":8,"column":80},"end":{"line":37,"column":null}},"line":8},"1":{"name":"LoadingPage","decl":{"start":{"line":39,"column":16},"end":{"line":39,"column":30}},"loc":{"start":{"line":39,"column":30},"end":{"line":45,"column":null}},"line":39}},"branchMap":{"0":{"loc":{"start":{"line":8,"column":33},"end":{"line":8,"column":46}},"type":"default-arg","locations":[{"start":{"line":8,"column":40},"end":{"line":8,"column":46}}],"line":8}},"s":{"0":5,"1":5,"2":1},"f":{"0":5,"1":1},"b":{"0":[5]},"meta":{"lastBranch":1,"lastFunction":2,"lastStatement":3,"seen":{"f:8:16:8:31":0,"b:8:40:8:46":0,"s:9:18:13:Infinity":0,"s:15:4:35:Infinity":1,"f:39:16:39:30":1,"s:40:4:43:Infinity":2}}}
,"/Users/harshgoyal/Desktop/db-query-portal/frontend/src/components/modal/index.tsx": {"path":"/Users/harshgoyal/Desktop/db-query-portal/frontend/src/components/modal/index.tsx","statementMap":{"0":{"start":{"line":21,"column":10},"end":{"line":21,"column":null}},"1":{"start":{"line":23,"column":4},"end":{"line":37,"column":null}},"2":{"start":{"line":24,"column":29},"end":{"line":26,"column":null}},"3":{"start":{"line":25,"column":12},"end":{"line":25,"column":null}},"4":{"start":{"line":25,"column":36},"end":{"line":25,"column":null}},"5":{"start":{"line":28,"column":8},"end":{"line":31,"column":null}},"6":{"start":{"line":29,"column":12},"end":{"line":29,"column":null}},"7":{"start":{"line":30,"column":12},"end":{"line":30,"column":null}},"8":{"start":{"line":33,"column":8},"end":{"line":36,"column":null}},"9":{"start":{"line":34,"column":12},"end":{"line":34,"column":null}},"10":{"start":{"line":35,"column":12},"end":{"line":35,"column":null}},"11":{"start":{"line":39,"column":4},"end":{"line":39,"column":null}},"12":{"start":{"line":39,"column":17},"end":{"line":39,"column":null}},"13":{"start":{"line":41,"column":18},"end":{"line":46,"column":null}},"14":{"start":{"line":48,"column":4},"end":{"line":100,"column":null}},"15":{"start":{"line":65,"column":36},"end":{"line":65,"column":null}},"16":{"start":{"line":105,"column":4},"end":{"line":108,"column":null}}},"fnMap":{"0":{"name":"Modal","decl":{"start":{"line":13,"column":16},"end":{"line":13,"column":22}},"loc":{"start":{"line":20,"column":15},"end":{"line":102,"column":null}},"line":20},"1":{"name":"(anonymous_1)","decl":{"start":{"line":23,"column":14},"end":{"line":23,"column":20}},"loc":{"start":{"line":23,"column":20},"end":{"line":37,"column":7}},"line":23},"2":{"name":"(anonymous_2)","decl":{"start":{"line":24,"column":29},"end":{"line":24,"column":30}},"loc":{"start":{"line":24,"column":51},"end":{"line":26,"column":null}},"line":24},"3":{"name":"(anonymous_3)","decl":{"start":{"line":33,"column":15},"end":{"line":33,"column":21}},"loc":{"start":{"line":33,"column":21},"end":{"line":36,"column":null}},"line":33},"4":{"name":"(anonymous_4)","decl":{"start":{"line":65,"column":29},"end":{"line":65,"column":30}},"loc":{"start":{"line":65,"column":36},"end":{"line":65,"column":null}},"line":65},"5":{"name":"ModalFooter","decl":{"start":{"line":104,"column":16},"end":{"line":104,"column":28}},"loc":{"start":{"line":104,"column":98},"end":{"line":110,"column":null}},"line":104}},"branchMap":{"0":{"loc":{"start":{"line":18,"column":4},"end":{"line":18,"column":null}},"type":"default-arg","locations":[{"start":{"line":18,"column":11},"end":{"line":18,"column":null}}],"line":18},"1":{"loc":{"start":{"line":19,"column":4},"end":{"line":19,"column":null}},"type":"default-arg","locations":[{"start":{"line":19,"column":22},"end":{"line":19,"column":null}}],"line":19},"2":{"loc":{"start":{"line":25,"column":12},"end":{"line":25,"column":null}},"type":"if","locations":[{"start":{"line":25,"column":12},"end":{"line":25,"column":null}},{"start":{},"end":{}}],"line":25},"3":{"loc":{"start":{"line":28,"column":8},"end":{"line":31,"column":null}},"type":"if","locations":[{"start":{"line":28,"column":8},"end":{"line":31,"column":null}},{"start":{},"end":{}}],"line":28},"4":{"loc":{"start":{"line":39,"column":4},"end":{"line":39,"column":null}},"type":"if","locations":[{"start":{"line":39,"column":4},"end":{"line":39,"column":null}},{"start":{},"end":{}}],"line":39},"5":{"loc":{"start":{"line":68,"column":22},"end":{"line":93,"column":null}},"type":"binary-expr","locations":[{"start":{"line":68,"column":22},"end":{"line":68,"column":31}},{"start":{"line":68,"column":31},"end":{"line":68,"column":null}},{"start":{"line":69,"column":24},"end":{"line":93,"column":null}}],"line":68},"6":{"loc":{"start":{"line":70,"column":29},"end":{"line":71,"column":null}},"type":"binary-expr","locations":[{"start":{"line":70,"column":29},"end":{"line":70,"column":null}},{"start":{"line":71,"column":32},"end":{"line":71,"column":null}}],"line":70},"7":{"loc":{"start":{"line":73,"column":29},"end":{"line":91,"column":null}},"type":"binary-expr","locations":[{"start":{"line":73,"column":29},"end":{"line":73,"column":null}},{"start":{"line":74,"column":32},"end":{"line":91,"column":null}}],"line":73}},"s":{"0":161,"1":161,"2":140,"3":118,"4":1,"5":140,"6":54,"7":54,"8":140,"9":140,"10":140,"11":161,"12":86,"13":75,"14":75,"15":31,"16":71},"f":{"0":161,"1":140,"2":118,"3":140,"4":31,"5":71},"b":{"0":[161],"1":[161],"2":[1,117],"3":[54,86],"4":[86,75],"5":[75,4,75],"6":[75,71],"7":[75,75]},"meta":{"lastBranch":8,"lastFunction":6,"lastStatement":17,"seen":{"f:13:16:13:22":0,"b:18:11:18:Infinity":0,"b:19:22:19:Infinity":1,"s:21:10:21:Infinity":0,"s:23:4:37:Infinity":1,"f:23:14:23:20":1,"s:24:29:26:Infinity":2,"f:24:29:24:30":2,"b:25:12:25:Infinity:undefined:undefined:undefined:undefined":2,"s:25:12:25:Infinity":3,"s:25:36:25:Infinity":4,"b:28:8:31:Infinity:undefined:undefined:undefined:undefined":3,"s:28:8:31:Infinity":5,"s:29:12:29:Infinity":6,"s:30:12:30:Infinity":7,"s:33:8:36:Infinity":8,"f:33:15:33:21":3,"s:34:12:34:Infinity":9,"s:35:12:35:Infinity":10,"b:39:4:39:Infinity:undefined:undefined:undefined:undefined":4,"s:39:4:39:Infinity":11,"s:39:17:39:Infinity":12,"s:41:18:46:Infinity":13,"s:48:4:100:Infinity":14,"f:65:29:65:30":4,"s:65:36:65:Infinity":15,"b:68:22:68:31:68:31:68:Infinity:69:24:93:Infinity":5,"b:70:29:70:Infinity:71:32:71:Infinity":6,"b:73:29:73:Infinity:74:32:91:Infinity":7,"f:104:16:104:28":5,"s:105:4:108:Infinity":16}}}
,"/Users/harshgoyal/Desktop/db-query-portal/frontend/src/components/select/index.tsx": {"path":"/Users/harshgoyal/Desktop/db-query-portal/frontend/src/components/select/index.tsx","statementMap":{"0":{"start":{"line":17,"column":13},"end":{"line":73,"column":null}},"1":{"start":{"line":19,"column":14},"end":{"line":19,"column":null}},"2":{"start":{"line":20,"column":25},"end":{"line":20,"column":null}},"3":{"start":{"line":22,"column":8},"end":{"line":70,"column":null}},"4":{"start":{"line":53,"column":28},"end":{"line":55,"column":null}},"5":{"start":{"line":75,"column":0},"end":{"line":75,"column":null}}},"fnMap":{"0":{"name":"(anonymous_0)","decl":{"start":{"line":18,"column":4},"end":{"line":18,"column":5}},"loc":{"start":{"line":18,"column":114},"end":{"line":72,"column":null}},"line":18},"1":{"name":"(anonymous_1)","decl":{"start":{"line":52,"column":37},"end":{"line":52,"column":38}},"loc":{"start":{"line":53,"column":28},"end":{"line":55,"column":null}},"line":53}},"branchMap":{"0":{"loc":{"start":{"line":18,"column":32},"end":{"line":18,"column":46}},"type":"default-arg","locations":[{"start":{"line":18,"column":42},"end":{"line":18,"column":46}}],"line":18},"1":{"loc":{"start":{"line":20,"column":25},"end":{"line":20,"column":null}},"type":"binary-expr","locations":[{"start":{"line":20,"column":25},"end":{"line":20,"column":31}},{"start":{"line":20,"column":31},"end":{"line":20,"column":null}}],"line":20},"2":{"loc":{"start":{"line":24,"column":17},"end":{"line":28,"column":null}},"type":"binary-expr","locations":[{"start":{"line":24,"column":17},"end":{"line":24,"column":null}},{"start":{"line":25,"column":20},"end":{"line":28,"column":null}}],"line":24},"3":{"loc":{"start":{"line":27,"column":25},"end":{"line":27,"column":null}},"type":"binary-expr","locations":[{"start":{"line":27,"column":25},"end":{"line":27,"column":37}},{"start":{"line":27,"column":37},"end":{"line":27,"column":null}}],"line":27},"4":{"loc":{"start":{"line":34,"column":34},"end":{"line":34,"column":null}},"type":"binary-expr","locations":[{"start":{"line":34,"column":34},"end":{"line":34,"column":46}},{"start":{"line":34,"column":46},"end":{"line":34,"column":null}}],"line":34},"5":{"loc":{"start":{"line":42,"column":28},"end":{"line":42,"column":null}},"type":"binary-expr","locations":[{"start":{"line":42,"column":28},"end":{"line":42,"column":37}},{"start":{"line":42,"column":37},"end":{"line":42,"column":null}}],"line":42},"6":{"loc":{"start":{"line":47,"column":25},"end":{"line":50,"column":null}},"type":"binary-expr","locations":[{"start":{"line":47,"column":25},"end":{"line":47,"column":null}},{"start":{"line":48,"column":28},"end":{"line":50,"column":null}}],"line":47},"7":{"loc":{"start":{"line":58,"column":21},"end":{"line":64,"column":null}},"type":"binary-expr","locations":[{"start":{"line":58,"column":21},"end":{"line":58,"column":null}},{"start":{"line":59,"column":24},"end":{"line":64,"column":null}}],"line":58},"8":{"loc":{"start":{"line":67,"column":17},"end":{"line":68,"column":null}},"type":"binary-expr","locations":[{"start":{"line":67,"column":17},"end":{"line":67,"column":null}},{"start":{"line":68,"column":20},"end":{"line":68,"column":null}}],"line":67}},"s":{"0":3,"1":67,"2":67,"3":67,"4":150,"5":3},"f":{"0":67,"1":150},"b":{"0":[67],"1":[67,67],"2":[67,63],"3":[63,34],"4":[67,57],"5":[67,1],"6":[67,35],"7":[67,3],"8":[67,1]},"meta":{"lastBranch":9,"lastFunction":2,"lastStatement":6,"seen":{"s:17:13:73:Infinity":0,"f:18:4:18:5":0,"b:18:42:18:46":0,"s:19:14:19:Infinity":1,"s:20:25:20:Infinity":2,"b:20:25:20:31:20:31:20:Infinity":1,"s:22:8:70:Infinity":3,"b:24:17:24:Infinity:25:20:28:Infinity":2,"b:27:25:27:37:27:37:27:Infinity":3,"b:34:34:34:46:34:46:34:Infinity":4,"b:42:28:42:37:42:37:42:Infinity":5,"b:47:25:47:Infinity:48:28:50:Infinity":6,"f:52:37:52:38":1,"s:53:28:55:Infinity":4,"b:58:21:58:Infinity:59:24:64:Infinity":7,"b:67:17:67:Infinity:68:20:68:Infinity":8,"s:75:0:75:Infinity":5}}}
,"/Users/harshgoyal/Desktop/db-query-portal/frontend/src/components/skeleton/index.tsx": {"path":"/Users/harshgoyal/Desktop/db-query-portal/frontend/src/components/skeleton/index.tsx","statementMap":{"0":{"start":{"line":17,"column":23},"end":{"line":17,"column":null}},"1":{"start":{"line":19,"column":26},"end":{"line":23,"column":null}},"2":{"start":{"line":25,"column":39},"end":{"line":28,"column":null}},"3":{"start":{"line":30,"column":4},"end":{"line":34,"column":null}},"4":{"start":{"line":39,"column":4},"end":{"line":48,"column":null}},"5":{"start":{"line":42,"column":16},"end":{"line":46,"column":null}},"6":{"start":{"line":53,"column":4},"end":{"line":60,"column":null}},"7":{"start":{"line":56,"column":16},"end":{"line":58,"column":null}},"8":{"start":{"line":65,"column":4},"end":{"line":81,"column":null}},"9":{"start":{"line":70,"column":24},"end":{"line":72,"column":null}},"10":{"start":{"line":78,"column":20},"end":{"line":78,"column":null}},"11":{"start":{"line":86,"column":4},"end":{"line":96,"column":null}}},"fnMap":{"0":{"name":"Skeleton","decl":{"start":{"line":11,"column":16},"end":{"line":11,"column":25}},"loc":{"start":{"line":16,"column":18},"end":{"line":36,"column":null}},"line":16},"1":{"name":"SkeletonText","decl":{"start":{"line":38,"column":16},"end":{"line":38,"column":29}},"loc":{"start":{"line":38,"column":95},"end":{"line":50,"column":null}},"line":38},"2":{"name":"(anonymous_2)","decl":{"start":{"line":41,"column":47},"end":{"line":41,"column":48}},"loc":{"start":{"line":42,"column":16},"end":{"line":46,"column":null}},"line":42},"3":{"name":"SkeletonTableRow","decl":{"start":{"line":52,"column":16},"end":{"line":52,"column":33}},"loc":{"start":{"line":52,"column":72},"end":{"line":62,"column":null}},"line":52},"4":{"name":"(anonymous_4)","decl":{"start":{"line":55,"column":49},"end":{"line":55,"column":50}},"loc":{"start":{"line":56,"column":16},"end":{"line":58,"column":null}},"line":56},"5":{"name":"SkeletonTable","decl":{"start":{"line":64,"column":16},"end":{"line":64,"column":30}},"loc":{"start":{"line":64,"column":94},"end":{"line":83,"column":null}},"line":64},"6":{"name":"(anonymous_6)","decl":{"start":{"line":69,"column":57},"end":{"line":69,"column":58}},"loc":{"start":{"line":70,"column":24},"end":{"line":72,"column":null}},"line":70},"7":{"name":"(anonymous_7)","decl":{"start":{"line":77,"column":50},"end":{"line":77,"column":51}},"loc":{"start":{"line":78,"column":20},"end":{"line":78,"column":null}},"line":78},"8":{"name":"SkeletonCard","decl":{"start":{"line":85,"column":16},"end":{"line":85,"column":31}},"loc":{"start":{"line":85,"column":31},"end":{"line":98,"column":null}},"line":85}},"branchMap":{"0":{"loc":{"start":{"line":13,"column":4},"end":{"line":13,"column":null}},"type":"default-arg","locations":[{"start":{"line":13,"column":14},"end":{"line":13,"column":null}}],"line":13},"1":{"loc":{"start":{"line":26,"column":15},"end":{"line":26,"column":null}},"type":"cond-expr","locations":[{"start":{"line":26,"column":43},"end":{"line":26,"column":58}},{"start":{"line":26,"column":58},"end":{"line":26,"column":null}}],"line":26},"2":{"loc":{"start":{"line":27,"column":16},"end":{"line":27,"column":null}},"type":"cond-expr","locations":[{"start":{"line":27,"column":45},"end":{"line":27,"column":61}},{"start":{"line":27,"column":61},"end":{"line":27,"column":null}}],"line":27},"3":{"loc":{"start":{"line":38,"column":31},"end":{"line":38,"column":42}},"type":"default-arg","locations":[{"start":{"line":38,"column":39},"end":{"line":38,"column":42}}],"line":38},"4":{"loc":{"start":{"line":45,"column":27},"end":{"line":45,"column":null}},"type":"cond-expr","locations":[{"start":{"line":45,"column":45},"end":{"line":45,"column":53}},{"start":{"line":45,"column":53},"end":{"line":45,"column":null}}],"line":45},"5":{"loc":{"start":{"line":52,"column":35},"end":{"line":52,"column":47}},"type":"default-arg","locations":[{"start":{"line":52,"column":45},"end":{"line":52,"column":47}}],"line":52},"6":{"loc":{"start":{"line":57,"column":52},"end":{"line":57,"column":78}},"type":"cond-expr","locations":[{"start":{"line":57,"column":62},"end":{"line":57,"column":71}},{"start":{"line":57,"column":71},"end":{"line":57,"column":78}}],"line":57},"7":{"loc":{"start":{"line":64,"column":32},"end":{"line":64,"column":42}},"type":"default-arg","locations":[{"start":{"line":64,"column":39},"end":{"line":64,"column":42}}],"line":64},"8":{"loc":{"start":{"line":64,"column":42},"end":{"line":64,"column":54}},"type":"default-arg","locations":[{"start":{"line":64,"column":52},"end":{"line":64,"column":54}}],"line":64}},"s":{"0":134,"1":134,"2":134,"3":134,"4":2,"5":7,"6":19,"7":100,"8":4,"9":20,"10":18,"11":1},"f":{"0":134,"1":2,"2":7,"3":19,"4":100,"5":4,"6":20,"7":18,"8":1},"b":{"0":[134],"1":[2,132],"2":[121,13],"3":[2],"4":[2,5],"5":[19],"6":[19,81],"7":[4],"8":[4]},"meta":{"lastBranch":9,"lastFunction":9,"lastStatement":12,"seen":{"f:11:16:11:25":0,"b:13:14:13:Infinity":0,"s:17:23:17:Infinity":0,"s:19:26:23:Infinity":1,"s:25:39:28:Infinity":2,"b:26:43:26:58:26:58:26:Infinity":1,"b:27:45:27:61:27:61:27:Infinity":2,"s:30:4:34:Infinity":3,"f:38:16:38:29":1,"b:38:39:38:42":3,"s:39:4:48:Infinity":4,"f:41:47:41:48":2,"s:42:16:46:Infinity":5,"b:45:45:45:53:45:53:45:Infinity":4,"f:52:16:52:33":3,"b:52:45:52:47":5,"s:53:4:60:Infinity":6,"f:55:49:55:50":4,"s:56:16:58:Infinity":7,"b:57:62:57:71:57:71:57:78":6,"f:64:16:64:30":5,"b:64:39:64:42":7,"b:64:52:64:54":8,"s:65:4:81:Infinity":8,"f:69:57:69:58":6,"s:70:24:72:Infinity":9,"f:77:50:77:51":7,"s:78:20:78:Infinity":10,"f:85:16:85:31":8,"s:86:4:96:Infinity":11}}}
,"/Users/harshgoyal/Desktop/db-query-portal/frontend/src/components/status-badge/index.tsx": {"path":"/Users/harshgoyal/Desktop/db-query-portal/frontend/src/components/status-badge/index.tsx","statementMap":{"0":{"start":{"line":9,"column":96},"end":{"line":40,"column":null}},"1":{"start":{"line":43,"column":19},"end":{"line":43,"column":null}},"2":{"start":{"line":45,"column":4},"end":{"line":57,"column":null}}},"fnMap":{"0":{"name":"StatusBadge","decl":{"start":{"line":42,"column":16},"end":{"line":42,"column":28}},"loc":{"start":{"line":42,"column":69},"end":{"line":59,"column":null}},"line":42}},"branchMap":{},"s":{"0":3,"1":39,"2":39},"f":{"0":39},"b":{},"meta":{"lastBranch":0,"lastFunction":1,"lastStatement":3,"seen":{"s:9:96:40:Infinity":0,"f:42:16:42:28":0,"s:43:19:43:Infinity":1,"s:45:4:57:Infinity":2}}}
,"/Users/harshgoyal/Desktop/db-query-portal/frontend/src/constants/routes.ts": {"path":"/Users/harshgoyal/Desktop/db-query-portal/frontend/src/constants/routes.ts","statementMap":{"0":{"start":{"line":2,"column":22},"end":{"line":9,"column":null}},"1":{"start":{"line":8,"column":36},"end":{"line":8,"column":null}},"2":{"start":{"line":12,"column":25},"end":{"line":37,"column":null}}},"fnMap":{"0":{"name":"(anonymous_0)","decl":{"start":{"line":8,"column":20},"end":{"line":8,"column":21}},"loc":{"start":{"line":8,"column":36},"end":{"line":8,"column":null}},"line":8}},"branchMap":{},"s":{"0":2,"1":1,"2":2},"f":{"0":1},"b":{},"meta":{"lastBranch":0,"lastFunction":1,"lastStatement":3,"seen":{"s:2:22:9:Infinity":0,"f:8:20:8:21":0,"s:8:36:8:Infinity":1,"s:12:25:37:Infinity":2}}}
,"/Users/harshgoyal/Desktop/db-query-portal/frontend/src/features/admin/components/user-form-modal/index.tsx": {"path":"/Users/harshgoyal/Desktop/db-query-portal/frontend/src/features/admin/components/user-form-modal/index.tsx","statementMap":{"0":{"start":{"line":11,"column":19},"end":{"line":17,"column":null}},"1":{"start":{"line":38,"column":22},"end":{"line":38,"column":null}},"2":{"start":{"line":47,"column":4},"end":{"line":56,"column":null}},"3":{"start":{"line":58,"column":25},"end":{"line":58,"column":null}},"4":{"start":{"line":59,"column":25},"end":{"line":59,"column":null}},"5":{"start":{"line":61,"column":4},"end":{"line":79,"column":null}},"6":{"start":{"line":62,"column":8},"end":{"line":78,"column":null}},"7":{"start":{"line":63,"column":12},"end":{"line":69,"column":null}},"8":{"start":{"line":71,"column":12},"end":{"line":77,"column":null}},"9":{"start":{"line":81,"column":29},"end":{"line":93,"column":null}},"10":{"start":{"line":83,"column":8},"end":{"line":85,"column":null}},"11":{"start":{"line":84,"column":12},"end":{"line":84,"column":null}},"12":{"start":{"line":87,"column":8},"end":{"line":92,"column":null}},"13":{"start":{"line":88,"column":42},"end":{"line":88,"column":null}},"14":{"start":{"line":89,"column":12},"end":{"line":89,"column":null}},"15":{"start":{"line":91,"column":12},"end":{"line":91,"column":null}},"16":{"start":{"line":95,"column":22},"end":{"line":101,"column":null}},"17":{"start":{"line":96,"column":24},"end":{"line":96,"column":null}},"18":{"start":{"line":97,"column":24},"end":{"line":99,"column":null}},"19":{"start":{"line":98,"column":35},"end":{"line":98,"column":47}},"20":{"start":{"line":100,"column":8},"end":{"line":100,"column":null}},"21":{"start":{"line":103,"column":4},"end":{"line":182,"column":null}},"22":{"start":{"line":154,"column":32},"end":{"line":164,"column":null}},"23":{"start":{"line":157,"column":51},"end":{"line":157,"column":null}}},"fnMap":{"0":{"name":"UserFormModal","decl":{"start":{"line":30,"column":16},"end":{"line":30,"column":30}},"loc":{"start":{"line":37,"column":23},"end":{"line":184,"column":null}},"line":37},"1":{"name":"(anonymous_1)","decl":{"start":{"line":61,"column":14},"end":{"line":61,"column":20}},"loc":{"start":{"line":61,"column":20},"end":{"line":79,"column":7}},"line":61},"2":{"name":"(anonymous_2)","decl":{"start":{"line":81,"column":29},"end":{"line":81,"column":30}},"loc":{"start":{"line":81,"column":49},"end":{"line":93,"column":null}},"line":81},"3":{"name":"(anonymous_3)","decl":{"start":{"line":95,"column":22},"end":{"line":95,"column":23}},"loc":{"start":{"line":95,"column":41},"end":{"line":101,"column":null}},"line":95},"4":{"name":"(anonymous_4)","decl":{"start":{"line":98,"column":29},"end":{"line":98,"column":35}},"loc":{"start":{"line":98,"column":35},"end":{"line":98,"column":47}},"line":98},"5":{"name":"(anonymous_5)","decl":{"start":{"line":153,"column":38},"end":{"line":153,"column":39}},"loc":{"start":{"line":154,"column":32},"end":{"line":164,"column":null}},"line":154},"6":{"name":"(anonymous_6)","decl":{"start":{"line":157,"column":45},"end":{"line":157,"column":51}},"loc":{"start":{"line":157,"column":51},"end":{"line":157,"column":null}},"line":157}},"branchMap":{"0":{"loc":{"start":{"line":59,"column":25},"end":{"line":59,"column":null}},"type":"binary-expr","locations":[{"start":{"line":59,"column":25},"end":{"line":59,"column":51}},{"start":{"line":59,"column":51},"end":{"line":59,"column":null}}],"line":59},"1":{"loc":{"start":{"line":62,"column":8},"end":{"line":78,"column":null}},"type":"if","locations":[{"start":{"line":62,"column":8},"end":{"line":78,"column":null}},{"start":{"line":70,"column":15},"end":{"line":78,"column":null}}],"line":62},"2":{"loc":{"start":{"line":68,"column":31},"end":{"line":68,"column":null}},"type":"binary-expr","locations":[{"start":{"line":68,"column":31},"end":{"line":68,"column":53}},{"start":{"line":68,"column":53},"end":{"line":68,"column":null}}],"line":68},"3":{"loc":{"start":{"line":83,"column":8},"end":{"line":85,"column":null}},"type":"if","locations":[{"start":{"line":83,"column":8},"end":{"line":85,"column":null}},{"start":{},"end":{}}],"line":83},"4":{"loc":{"start":{"line":83,"column":12},"end":{"line":83,"column":72}},"type":"binary-expr","locations":[{"start":{"line":83,"column":12},"end":{"line":83,"column":27}},{"start":{"line":83,"column":27},"end":{"line":83,"column":45}},{"start":{"line":83,"column":45},"end":{"line":83,"column":72}}],"line":83},"5":{"loc":{"start":{"line":87,"column":8},"end":{"line":92,"column":null}},"type":"if","locations":[{"start":{"line":87,"column":8},"end":{"line":92,"column":null}},{"start":{"line":90,"column":15},"end":{"line":92,"column":null}}],"line":87},"6":{"loc":{"start":{"line":87,"column":12},"end":{"line":87,"column":41}},"type":"binary-expr","locations":[{"start":{"line":87,"column":12},"end":{"line":87,"column":25}},{"start":{"line":87,"column":25},"end":{"line":87,"column":41}}],"line":87},"7":{"loc":{"start":{"line":96,"column":24},"end":{"line":96,"column":null}},"type":"binary-expr","locations":[{"start":{"line":96,"column":24},"end":{"line":96,"column":40}},{"start":{"line":96,"column":40},"end":{"line":96,"column":null}}],"line":96},"8":{"loc":{"start":{"line":97,"column":24},"end":{"line":99,"column":null}},"type":"cond-expr","locations":[{"start":{"line":98,"column":14},"end":{"line":98,"column":null}},{"start":{"line":99,"column":14},"end":{"line":99,"column":null}}],"line":97},"9":{"loc":{"start":{"line":107,"column":19},"end":{"line":107,"column":null}},"type":"cond-expr","locations":[{"start":{"line":107,"column":31},"end":{"line":107,"column":45}},{"start":{"line":107,"column":45},"end":{"line":107,"column":null}}],"line":107},"10":{"loc":{"start":{"line":128,"column":27},"end":{"line":128,"column":null}},"type":"cond-expr","locations":[{"start":{"line":128,"column":39},"end":{"line":128,"column":86}},{"start":{"line":128,"column":86},"end":{"line":128,"column":null}}],"line":128},"11":{"loc":{"start":{"line":144,"column":16},"end":{"line":170,"column":null}},"type":"binary-expr","locations":[{"start":{"line":147,"column":18},"end":{"line":147,"column":48}},{"start":{"line":147,"column":48},"end":{"line":147,"column":null}},{"start":{"line":148,"column":20},"end":{"line":170,"column":null}}],"line":144},"12":{"loc":{"start":{"line":158,"column":132},"end":{"line":160,"column":null}},"type":"cond-expr","locations":[{"start":{"line":159,"column":42},"end":{"line":159,"column":null}},{"start":{"line":160,"column":42},"end":{"line":160,"column":null}}],"line":158},"13":{"loc":{"start":{"line":167,"column":25},"end":{"line":168,"column":null}},"type":"binary-expr","locations":[{"start":{"line":167,"column":25},"end":{"line":167,"column":null}},{"start":{"line":168,"column":28},"end":{"line":168,"column":null}}],"line":167},"14":{"loc":{"start":{"line":178,"column":25},"end":{"line":178,"column":null}},"type":"cond-expr","locations":[{"start":{"line":178,"column":37},"end":{"line":178,"column":53}},{"start":{"line":178,"column":53},"end":{"line":178,"column":null}}],"line":178}},"s":{"0":1,"1":28,"2":28,"3":28,"4":28,"5":28,"6":10,"7":3,"8":7,"9":28,"10":4,"11":1,"12":3,"13":1,"14":1,"15":2,"16":28,"17":2,"18":2,"19":1,"20":2,"21":28,"22":16,"23":2},"f":{"0":28,"1":10,"2":4,"3":2,"4":1,"5":16,"6":2},"b":{"0":[28,0],"1":[3,7],"2":[3,0],"3":[1,3],"4":[4,2,2],"5":[1,2],"6":[3,2],"7":[2,0],"8":[1,1],"9":[8,20],"10":[8,20],"11":[28,19,9],"12":[6,10],"13":[9,1],"14":[8,20]},"meta":{"lastBranch":15,"lastFunction":7,"lastStatement":24,"seen":{"s:11:19:17:Infinity":0,"f:30:16:30:30":0,"s:38:22:38:Infinity":1,"s:47:4:56:Infinity":2,"s:58:25:58:Infinity":3,"s:59:25:59:Infinity":4,"b:59:25:59:51:59:51:59:Infinity":0,"s:61:4:79:Infinity":5,"f:61:14:61:20":1,"b:62:8:78:Infinity:70:15:78:Infinity":1,"s:62:8:78:Infinity":6,"s:63:12:69:Infinity":7,"b:68:31:68:53:68:53:68:Infinity":2,"s:71:12:77:Infinity":8,"s:81:29:93:Infinity":9,"f:81:29:81:30":2,"b:83:8:85:Infinity:undefined:undefined:undefined:undefined":3,"s:83:8:85:Infinity":10,"b:83:12:83:27:83:27:83:45:83:45:83:72":4,"s:84:12:84:Infinity":11,"b:87:8:92:Infinity:90:15:92:Infinity":5,"s:87:8:92:Infinity":12,"b:87:12:87:25:87:25:87:41":6,"s:88:42:88:Infinity":13,"s:89:12:89:Infinity":14,"s:91:12:91:Infinity":15,"s:95:22:101:Infinity":16,"f:95:22:95:23":3,"s:96:24:96:Infinity":17,"b:96:24:96:40:96:40:96:Infinity":7,"s:97:24:99:Infinity":18,"b:98:14:98:Infinity:99:14:99:Infinity":8,"f:98:29:98:35":4,"s:98:35:98:47":19,"s:100:8:100:Infinity":20,"s:103:4:182:Infinity":21,"b:107:31:107:45:107:45:107:Infinity":9,"b:128:39:128:86:128:86:128:Infinity":10,"b:147:18:147:48:147:48:147:Infinity:148:20:170:Infinity":11,"f:153:38:153:39":5,"s:154:32:164:Infinity":22,"f:157:45:157:51":6,"s:157:51:157:Infinity":23,"b:159:42:159:Infinity:160:42:160:Infinity":12,"b:167:25:167:Infinity:168:28:168:Infinity":13,"b:178:37:178:53:178:53:178:Infinity":14}}}
,"/Users/harshgoyal/Desktop/db-query-portal/frontend/src/features/admin/components/user-table/index.tsx": {"path":"/Users/harshgoyal/Desktop/db-query-portal/frontend/src/features/admin/components/user-table/index.tsx","statementMap":{"0":{"start":{"line":14,"column":4},"end":{"line":20,"column":null}},"1":{"start":{"line":15,"column":8},"end":{"line":18,"column":null}},"2":{"start":{"line":22,"column":4},"end":{"line":34,"column":null}},"3":{"start":{"line":23,"column":8},"end":{"line":32,"column":null}},"4":{"start":{"line":36,"column":30},"end":{"line":45,"column":null}},"5":{"start":{"line":37,"column":8},"end":{"line":44,"column":null}},"6":{"start":{"line":39,"column":16},"end":{"line":39,"column":null}},"7":{"start":{"line":41,"column":16},"end":{"line":41,"column":null}},"8":{"start":{"line":43,"column":16},"end":{"line":43,"column":null}},"9":{"start":{"line":47,"column":4},"end":{"line":128,"column":null}},"10":{"start":{"line":71,"column":24},"end":{"line":124,"column":null}},"11":{"start":{"line":105,"column":55},"end":{"line":105,"column":null}},"12":{"start":{"line":114,"column":55},"end":{"line":114,"column":null}}},"fnMap":{"0":{"name":"UserTable","decl":{"start":{"line":13,"column":16},"end":{"line":13,"column":26}},"loc":{"start":{"line":13,"column":82},"end":{"line":130,"column":null}},"line":13},"1":{"name":"(anonymous_1)","decl":{"start":{"line":36,"column":30},"end":{"line":36,"column":31}},"loc":{"start":{"line":36,"column":48},"end":{"line":45,"column":null}},"line":36},"2":{"name":"(anonymous_2)","decl":{"start":{"line":70,"column":31},"end":{"line":70,"column":32}},"loc":{"start":{"line":71,"column":24},"end":{"line":124,"column":null}},"line":71},"3":{"name":"(anonymous_3)","decl":{"start":{"line":105,"column":49},"end":{"line":105,"column":55}},"loc":{"start":{"line":105,"column":55},"end":{"line":105,"column":null}},"line":105},"4":{"name":"(anonymous_4)","decl":{"start":{"line":114,"column":49},"end":{"line":114,"column":55}},"loc":{"start":{"line":114,"column":55},"end":{"line":114,"column":null}},"line":114}},"branchMap":{"0":{"loc":{"start":{"line":14,"column":4},"end":{"line":20,"column":null}},"type":"if","locations":[{"start":{"line":14,"column":4},"end":{"line":20,"column":null}},{"start":{},"end":{}}],"line":14},"1":{"loc":{"start":{"line":22,"column":4},"end":{"line":34,"column":null}},"type":"if","locations":[{"start":{"line":22,"column":4},"end":{"line":34,"column":null}},{"start":{},"end":{}}],"line":22},"2":{"loc":{"start":{"line":37,"column":8},"end":{"line":44,"column":null}},"type":"switch","locations":[{"start":{"line":38,"column":12},"end":{"line":39,"column":null}},{"start":{"line":40,"column":12},"end":{"line":41,"column":null}},{"start":{"line":42,"column":12},"end":{"line":43,"column":null}}],"line":37},"3":{"loc":{"start":{"line":80,"column":45},"end":{"line":80,"column":null}},"type":"binary-expr","locations":[{"start":{"line":80,"column":45},"end":{"line":80,"column":83}},{"start":{"line":80,"column":83},"end":{"line":80,"column":null}}],"line":80},"4":{"loc":{"start":{"line":99,"column":37},"end":{"line":99,"column":69}},"type":"binary-expr","locations":[{"start":{"line":99,"column":37},"end":{"line":99,"column":67}},{"start":{"line":99,"column":67},"end":{"line":99,"column":69}}],"line":99}},"s":{"0":6,"1":1,"2":5,"3":1,"4":4,"5":7,"6":3,"7":3,"8":1,"9":4,"10":7,"11":1,"12":1},"f":{"0":6,"1":7,"2":7,"3":1,"4":1},"b":{"0":[1,5],"1":[1,4],"2":[3,3,1],"3":[7,0],"4":[7,4]},"meta":{"lastBranch":5,"lastFunction":5,"lastStatement":13,"seen":{"f:13:16:13:26":0,"b:14:4:20:Infinity:undefined:undefined:undefined:undefined":0,"s:14:4:20:Infinity":0,"s:15:8:18:Infinity":1,"b:22:4:34:Infinity:undefined:undefined:undefined:undefined":1,"s:22:4:34:Infinity":2,"s:23:8:32:Infinity":3,"s:36:30:45:Infinity":4,"f:36:30:36:31":1,"b:38:12:39:Infinity:40:12:41:Infinity:42:12:43:Infinity":2,"s:37:8:44:Infinity":5,"s:39:16:39:Infinity":6,"s:41:16:41:Infinity":7,"s:43:16:43:Infinity":8,"s:47:4:128:Infinity":9,"f:70:31:70:32":2,"s:71:24:124:Infinity":10,"b:80:45:80:83:80:83:80:Infinity":3,"b:99:37:99:67:99:67:99:69":4,"f:105:49:105:55":3,"s:105:55:105:Infinity":11,"f:114:49:114:55":4,"s:114:55:114:Infinity":12}}}
,"/Users/harshgoyal/Desktop/db-query-portal/frontend/src/features/approvals/components/approval-actions/index.tsx": {"path":"/Users/harshgoyal/Desktop/db-query-portal/frontend/src/features/approvals/components/approval-actions/index.tsx","statementMap":{"0":{"start":{"line":22,"column":46},"end":{"line":22,"column":null}},"1":{"start":{"line":23,"column":52},"end":{"line":23,"column":null}},"2":{"start":{"line":24,"column":40},"end":{"line":24,"column":null}},"3":{"start":{"line":26,"column":26},"end":{"line":32,"column":null}},"4":{"start":{"line":27,"column":8},"end":{"line":31,"column":null}},"5":{"start":{"line":28,"column":12},"end":{"line":28,"column":null}},"6":{"start":{"line":30,"column":12},"end":{"line":30,"column":null}},"7":{"start":{"line":34,"column":33},"end":{"line":37,"column":null}},"8":{"start":{"line":35,"column":8},"end":{"line":35,"column":null}},"9":{"start":{"line":36,"column":8},"end":{"line":36,"column":null}},"10":{"start":{"line":39,"column":25},"end":{"line":43,"column":null}},"11":{"start":{"line":40,"column":8},"end":{"line":40,"column":null}},"12":{"start":{"line":41,"column":8},"end":{"line":41,"column":null}},"13":{"start":{"line":42,"column":8},"end":{"line":42,"column":null}},"14":{"start":{"line":45,"column":4},"end":{"line":139,"column":null}},"15":{"start":{"line":60,"column":35},"end":{"line":60,"column":null}},"16":{"start":{"line":71,"column":31},"end":{"line":71,"column":null}},"17":{"start":{"line":99,"column":67},"end":{"line":99,"column":97}},"18":{"start":{"line":112,"column":31},"end":{"line":112,"column":null}},"19":{"start":{"line":123,"column":45},"end":{"line":123,"column":null}},"20":{"start":{"line":130,"column":67},"end":{"line":130,"column":94}}},"fnMap":{"0":{"name":"ApprovalActions","decl":{"start":{"line":14,"column":16},"end":{"line":14,"column":32}},"loc":{"start":{"line":21,"column":25},"end":{"line":141,"column":null}},"line":21},"1":{"name":"(anonymous_1)","decl":{"start":{"line":26,"column":26},"end":{"line":26,"column":32}},"loc":{"start":{"line":26,"column":32},"end":{"line":32,"column":null}},"line":26},"2":{"name":"(anonymous_2)","decl":{"start":{"line":34,"column":33},"end":{"line":34,"column":39}},"loc":{"start":{"line":34,"column":39},"end":{"line":37,"column":null}},"line":34},"3":{"name":"(anonymous_3)","decl":{"start":{"line":39,"column":25},"end":{"line":39,"column":31}},"loc":{"start":{"line":39,"column":31},"end":{"line":43,"column":null}},"line":39},"4":{"name":"(anonymous_4)","decl":{"start":{"line":60,"column":29},"end":{"line":60,"column":35}},"loc":{"start":{"line":60,"column":35},"end":{"line":60,"column":null}},"line":60},"5":{"name":"(anonymous_5)","decl":{"start":{"line":71,"column":25},"end":{"line":71,"column":31}},"loc":{"start":{"line":71,"column":31},"end":{"line":71,"column":null}},"line":71},"6":{"name":"(anonymous_6)","decl":{"start":{"line":99,"column":61},"end":{"line":99,"column":67}},"loc":{"start":{"line":99,"column":67},"end":{"line":99,"column":97}},"line":99},"7":{"name":"(anonymous_7)","decl":{"start":{"line":112,"column":25},"end":{"line":112,"column":31}},"loc":{"start":{"line":112,"column":31},"end":{"line":112,"column":null}},"line":112},"8":{"name":"(anonymous_8)","decl":{"start":{"line":123,"column":38},"end":{"line":123,"column":39}},"loc":{"start":{"line":123,"column":45},"end":{"line":123,"column":null}},"line":123},"9":{"name":"(anonymous_9)","decl":{"start":{"line":130,"column":61},"end":{"line":130,"column":67}},"loc":{"start":{"line":130,"column":67},"end":{"line":130,"column":94}},"line":130}},"branchMap":{"0":{"loc":{"start":{"line":27,"column":8},"end":{"line":31,"column":null}},"type":"if","locations":[{"start":{"line":27,"column":8},"end":{"line":31,"column":null}},{"start":{"line":29,"column":15},"end":{"line":31,"column":null}}],"line":27},"1":{"loc":{"start":{"line":40,"column":28},"end":{"line":40,"column":53}},"type":"binary-expr","locations":[{"start":{"line":40,"column":28},"end":{"line":40,"column":44}},{"start":{"line":40,"column":44},"end":{"line":40,"column":53}}],"line":40}},"s":{"0":53,"1":53,"2":53,"3":53,"4":4,"5":2,"6":2,"7":53,"8":1,"9":1,"10":53,"11":2,"12":2,"13":2,"14":53,"15":3,"16":0,"17":1,"18":0,"19":16,"20":1},"f":{"0":53,"1":4,"2":1,"3":2,"4":3,"5":0,"6":1,"7":0,"8":16,"9":1},"b":{"0":[2,2],"1":[2,1]},"meta":{"lastBranch":2,"lastFunction":10,"lastStatement":21,"seen":{"f:14:16:14:32":0,"s:22:46:22:Infinity":0,"s:23:52:23:Infinity":1,"s:24:40:24:Infinity":2,"s:26:26:32:Infinity":3,"f:26:26:26:32":1,"b:27:8:31:Infinity:29:15:31:Infinity":0,"s:27:8:31:Infinity":4,"s:28:12:28:Infinity":5,"s:30:12:30:Infinity":6,"s:34:33:37:Infinity":7,"f:34:33:34:39":2,"s:35:8:35:Infinity":8,"s:36:8:36:Infinity":9,"s:39:25:43:Infinity":10,"f:39:25:39:31":3,"s:40:8:40:Infinity":11,"b:40:28:40:44:40:44:40:53":1,"s:41:8:41:Infinity":12,"s:42:8:42:Infinity":13,"s:45:4:139:Infinity":14,"f:60:29:60:35":4,"s:60:35:60:Infinity":15,"f:71:25:71:31":5,"s:71:31:71:Infinity":16,"f:99:61:99:67":6,"s:99:67:99:97":17,"f:112:25:112:31":7,"s:112:31:112:Infinity":18,"f:123:38:123:39":8,"s:123:45:123:Infinity":19,"f:130:61:130:67":9,"s:130:67:130:94":20}}}
,"/Users/harshgoyal/Desktop/db-query-portal/frontend/src/features/approvals/components/approval-table/index.tsx": {"path":"/Users/harshgoyal/Desktop/db-query-portal/frontend/src/features/approvals/components/approval-table/index.tsx","statementMap":{"0":{"start":{"line":29,"column":36},"end":{"line":29,"column":null}},"1":{"start":{"line":31,"column":4},"end":{"line":37,"column":null}},"2":{"start":{"line":32,"column":8},"end":{"line":35,"column":null}},"3":{"start":{"line":39,"column":4},"end":{"line":45,"column":null}},"4":{"start":{"line":40,"column":8},"end":{"line":43,"column":null}},"5":{"start":{"line":47,"column":28},"end":{"line":53,"column":null}},"6":{"start":{"line":48,"column":8},"end":{"line":50,"column":null}},"7":{"start":{"line":49,"column":12},"end":{"line":49,"column":null}},"8":{"start":{"line":51,"column":22},"end":{"line":51,"column":null}},"9":{"start":{"line":52,"column":8},"end":{"line":52,"column":null}},"10":{"start":{"line":55,"column":24},"end":{"line":58,"column":null}},"11":{"start":{"line":56,"column":8},"end":{"line":56,"column":null}},"12":{"start":{"line":56,"column":62},"end":{"line":56,"column":null}},"13":{"start":{"line":57,"column":8},"end":{"line":57,"column":null}},"14":{"start":{"line":60,"column":4},"end":{"line":222,"column":null}},"15":{"start":{"line":93,"column":24},"end":{"line":218,"column":null}},"16":{"start":{"line":101,"column":47},"end":{"line":101,"column":null}},"17":{"start":{"line":149,"column":74},"end":{"line":149,"column":null}}},"fnMap":{"0":{"name":"ApprovalTable","decl":{"start":{"line":21,"column":16},"end":{"line":21,"column":30}},"loc":{"start":{"line":28,"column":23},"end":{"line":224,"column":null}},"line":28},"1":{"name":"(anonymous_1)","decl":{"start":{"line":47,"column":28},"end":{"line":47,"column":29}},"loc":{"start":{"line":47,"column":63},"end":{"line":53,"column":null}},"line":47},"2":{"name":"(anonymous_2)","decl":{"start":{"line":55,"column":24},"end":{"line":55,"column":25}},"loc":{"start":{"line":55,"column":85},"end":{"line":58,"column":null}},"line":55},"3":{"name":"(anonymous_3)","decl":{"start":{"line":92,"column":34},"end":{"line":92,"column":35}},"loc":{"start":{"line":93,"column":24},"end":{"line":218,"column":null}},"line":93},"4":{"name":"(anonymous_4)","decl":{"start":{"line":101,"column":41},"end":{"line":101,"column":47}},"loc":{"start":{"line":101,"column":47},"end":{"line":101,"column":null}},"line":101},"5":{"name":"(anonymous_5)","decl":{"start":{"line":149,"column":67},"end":{"line":149,"column":68}},"loc":{"start":{"line":149,"column":74},"end":{"line":149,"column":null}},"line":149}},"branchMap":{"0":{"loc":{"start":{"line":31,"column":4},"end":{"line":37,"column":null}},"type":"if","locations":[{"start":{"line":31,"column":4},"end":{"line":37,"column":null}},{"start":{},"end":{}}],"line":31},"1":{"loc":{"start":{"line":39,"column":4},"end":{"line":45,"column":null}},"type":"if","locations":[{"start":{"line":39,"column":4},"end":{"line":45,"column":null}},{"start":{},"end":{}}],"line":39},"2":{"loc":{"start":{"line":48,"column":8},"end":{"line":50,"column":null}},"type":"if","locations":[{"start":{"line":48,"column":8},"end":{"line":50,"column":null}},{"start":{},"end":{}}],"line":48},"3":{"loc":{"start":{"line":49,"column":19},"end":{"line":49,"column":null}},"type":"binary-expr","locations":[{"start":{"line":49,"column":19},"end":{"line":49,"column":45}},{"start":{"line":49,"column":45},"end":{"line":49,"column":null}}],"line":49},"4":{"loc":{"start":{"line":51,"column":22},"end":{"line":51,"column":null}},"type":"binary-expr","locations":[{"start":{"line":51,"column":22},"end":{"line":51,"column":39}},{"start":{"line":51,"column":39},"end":{"line":51,"column":null}}],"line":51},"5":{"loc":{"start":{"line":52,"column":15},"end":{"line":52,"column":null}},"type":"cond-expr","locations":[{"start":{"line":52,"column":35},"end":{"line":52,"column":64}},{"start":{"line":52,"column":64},"end":{"line":52,"column":null}}],"line":52},"6":{"loc":{"start":{"line":56,"column":8},"end":{"line":56,"column":null}},"type":"if","locations":[{"start":{"line":56,"column":8},"end":{"line":56,"column":null}},{"start":{},"end":{}}],"line":56},"7":{"loc":{"start":{"line":57,"column":15},"end":{"line":57,"column":null}},"type":"cond-expr","locations":[{"start":{"line":57,"column":63},"end":{"line":57,"column":75}},{"start":{"line":57,"column":75},"end":{"line":57,"column":null}}],"line":57},"8":{"loc":{"start":{"line":97,"column":36},"end":{"line":97,"column":null}},"type":"binary-expr","locations":[{"start":{"line":97,"column":36},"end":{"line":97,"column":65}},{"start":{"line":97,"column":65},"end":{"line":97,"column":null}}],"line":97},"9":{"loc":{"start":{"line":98,"column":36},"end":{"line":98,"column":null}},"type":"binary-expr","locations":[{"start":{"line":98,"column":36},"end":{"line":98,"column":56}},{"start":{"line":98,"column":56},"end":{"line":98,"column":87}},{"start":{"line":98,"column":87},"end":{"line":98,"column":null}}],"line":98},"10":{"loc":{"start":{"line":101,"column":61},"end":{"line":101,"column":106}},"type":"cond-expr","locations":[{"start":{"line":101,"column":89},"end":{"line":101,"column":96}},{"start":{"line":101,"column":96},"end":{"line":101,"column":106}}],"line":101},"11":{"loc":{"start":{"line":107,"column":44},"end":{"line":107,"column":null}},"type":"binary-expr","locations":[{"start":{"line":107,"column":44},"end":{"line":107,"column":73}},{"start":{"line":107,"column":73},"end":{"line":107,"column":null}}],"line":107},"12":{"loc":{"start":{"line":130,"column":41},"end":{"line":133,"column":null}},"type":"binary-expr","locations":[{"start":{"line":130,"column":41},"end":{"line":130,"column":61}},{"start":{"line":130,"column":61},"end":{"line":130,"column":null}},{"start":{"line":131,"column":44},"end":{"line":133,"column":null}}],"line":130},"13":{"loc":{"start":{"line":156,"column":54},"end":{"line":156,"column":87}},"type":"binary-expr","locations":[{"start":{"line":156,"column":54},"end":{"line":156,"column":82}},{"start":{"line":156,"column":82},"end":{"line":156,"column":87}}],"line":156},"14":{"loc":{"start":{"line":162,"column":29},"end":{"line":216,"column":null}},"type":"binary-expr","locations":[{"start":{"line":162,"column":29},"end":{"line":162,"column":null}},{"start":{"line":163,"column":32},"end":{"line":216,"column":null}}],"line":162},"15":{"loc":{"start":{"line":167,"column":45},"end":{"line":168,"column":null}},"type":"binary-expr","locations":[{"start":{"line":167,"column":45},"end":{"line":167,"column":65}},{"start":{"line":167,"column":65},"end":{"line":167,"column":null}},{"start":{"line":168,"column":48},"end":{"line":168,"column":null}}],"line":167},"16":{"loc":{"start":{"line":174,"column":53},"end":{"line":176,"column":null}},"type":"cond-expr","locations":[{"start":{"line":175,"column":58},"end":{"line":175,"column":null}},{"start":{"line":176,"column":58},"end":{"line":176,"column":null}}],"line":174},"17":{"loc":{"start":{"line":180,"column":56},"end":{"line":182,"column":null}},"type":"cond-expr","locations":[{"start":{"line":181,"column":62},"end":{"line":181,"column":null}},{"start":{"line":182,"column":62},"end":{"line":182,"column":null}}],"line":180},"18":{"loc":{"start":{"line":181,"column":62},"end":{"line":181,"column":null}},"type":"binary-expr","locations":[{"start":{"line":181,"column":62},"end":{"line":181,"column":87}},{"start":{"line":181,"column":87},"end":{"line":181,"column":null}}],"line":181},"19":{"loc":{"start":{"line":182,"column":62},"end":{"line":182,"column":null}},"type":"binary-expr","locations":[{"start":{"line":182,"column":62},"end":{"line":182,"column":79}},{"start":{"line":182,"column":79},"end":{"line":182,"column":null}}],"line":182}},"s":{"0":20,"1":20,"2":1,"3":19,"4":1,"5":18,"6":18,"7":5,"8":13,"9":18,"10":18,"11":6,"12":2,"13":4,"14":18,"15":18,"16":7,"17":1},"f":{"0":20,"1":18,"2":6,"3":18,"4":7,"5":1},"b":{"0":[1,19],"1":[1,18],"2":[5,13],"3":[5,1],"4":[13,2],"5":[1,12],"6":[2,4],"7":[0,4],"8":[18,6],"9":[18,18,2],"10":[1,6],"11":[18,6],"12":[18,18,2],"13":[18,16],"14":[18,6],"15":[6,6,1],"16":[2,4],"17":[2,4],"18":[2,1],"19":[4,1]},"meta":{"lastBranch":20,"lastFunction":6,"lastStatement":18,"seen":{"f:21:16:21:30":0,"s:29:36:29:Infinity":0,"b:31:4:37:Infinity:undefined:undefined:undefined:undefined":0,"s:31:4:37:Infinity":1,"s:32:8:35:Infinity":2,"b:39:4:45:Infinity:undefined:undefined:undefined:undefined":1,"s:39:4:45:Infinity":3,"s:40:8:43:Infinity":4,"s:47:28:53:Infinity":5,"f:47:28:47:29":1,"b:48:8:50:Infinity:undefined:undefined:undefined:undefined":2,"s:48:8:50:Infinity":6,"s:49:12:49:Infinity":7,"b:49:19:49:45:49:45:49:Infinity":3,"s:51:22:51:Infinity":8,"b:51:22:51:39:51:39:51:Infinity":4,"s:52:8:52:Infinity":9,"b:52:35:52:64:52:64:52:Infinity":5,"s:55:24:58:Infinity":10,"f:55:24:55:25":2,"b:56:8:56:Infinity:undefined:undefined:undefined:undefined":6,"s:56:8:56:Infinity":11,"s:56:62:56:Infinity":12,"s:57:8:57:Infinity":13,"b:57:63:57:75:57:75:57:Infinity":7,"s:60:4:222:Infinity":14,"f:92:34:92:35":3,"s:93:24:218:Infinity":15,"b:97:36:97:65:97:65:97:Infinity":8,"b:98:36:98:56:98:56:98:87:98:87:98:Infinity":9,"f:101:41:101:47":4,"s:101:47:101:Infinity":16,"b:101:89:101:96:101:96:101:106":10,"b:107:44:107:73:107:73:107:Infinity":11,"b:130:41:130:61:130:61:130:Infinity:131:44:133:Infinity":12,"f:149:67:149:68":5,"s:149:74:149:Infinity":17,"b:156:54:156:82:156:82:156:87":13,"b:162:29:162:Infinity:163:32:216:Infinity":14,"b:167:45:167:65:167:65:167:Infinity:168:48:168:Infinity":15,"b:175:58:175:Infinity:176:58:176:Infinity":16,"b:181:62:181:Infinity:182:62:182:Infinity":17,"b:181:62:181:87:181:87:181:Infinity":18,"b:182:62:182:79:182:79:182:Infinity":19}}}
,"/Users/harshgoyal/Desktop/db-query-portal/frontend/src/features/approvals/components/warnings-display/index.tsx": {"path":"/Users/harshgoyal/Desktop/db-query-portal/frontend/src/features/approvals/components/warnings-display/index.tsx","statementMap":{"0":{"start":{"line":7,"column":4},"end":{"line":7,"column":null}},"1":{"start":{"line":7,"column":44},"end":{"line":7,"column":null}},"2":{"start":{"line":9,"column":4},"end":{"line":36,"column":null}},"3":{"start":{"line":29,"column":28},"end":{"line":31,"column":null}}},"fnMap":{"0":{"name":"WarningsDisplay","decl":{"start":{"line":6,"column":16},"end":{"line":6,"column":32}},"loc":{"start":{"line":6,"column":79},"end":{"line":38,"column":null}},"line":6},"1":{"name":"(anonymous_1)","decl":{"start":{"line":28,"column":38},"end":{"line":28,"column":39}},"loc":{"start":{"line":29,"column":28},"end":{"line":31,"column":null}},"line":29}},"branchMap":{"0":{"loc":{"start":{"line":7,"column":4},"end":{"line":7,"column":null}},"type":"if","locations":[{"start":{"line":7,"column":4},"end":{"line":7,"column":null}},{"start":{},"end":{}}],"line":7},"1":{"loc":{"start":{"line":7,"column":8},"end":{"line":7,"column":44}},"type":"binary-expr","locations":[{"start":{"line":7,"column":8},"end":{"line":7,"column":21}},{"start":{"line":7,"column":21},"end":{"line":7,"column":44}}],"line":7}},"s":{"0":3,"1":1,"2":2,"3":3},"f":{"0":3,"1":3},"b":{"0":[1,2],"1":[3,3]},"meta":{"lastBranch":2,"lastFunction":2,"lastStatement":4,"seen":{"f:6:16:6:32":0,"b:7:4:7:Infinity:undefined:undefined:undefined:undefined":0,"s:7:4:7:Infinity":0,"b:7:8:7:21:7:21:7:44":1,"s:7:44:7:Infinity":1,"s:9:4:36:Infinity":2,"f:28:38:28:39":1,"s:29:28:31:Infinity":3}}}
,"/Users/harshgoyal/Desktop/db-query-portal/frontend/src/features/auth/components/login-form/index.tsx": {"path":"/Users/harshgoyal/Desktop/db-query-portal/frontend/src/features/auth/components/login-form/index.tsx","statementMap":{"0":{"start":{"line":14,"column":10},"end":{"line":14,"column":null}},"1":{"start":{"line":15,"column":10},"end":{"line":15,"column":null}},"2":{"start":{"line":16,"column":10},"end":{"line":16,"column":null}},"3":{"start":{"line":16,"column":42},"end":{"line":16,"column":53}},"4":{"start":{"line":17,"column":10},"end":{"line":17,"column":null}},"5":{"start":{"line":19,"column":28},"end":{"line":28,"column":null}},"6":{"start":{"line":21,"column":8},"end":{"line":23,"column":null}},"7":{"start":{"line":22,"column":12},"end":{"line":22,"column":null}},"8":{"start":{"line":24,"column":8},"end":{"line":26,"column":null}},"9":{"start":{"line":25,"column":12},"end":{"line":25,"column":null}},"10":{"start":{"line":27,"column":8},"end":{"line":27,"column":null}},"11":{"start":{"line":34,"column":4},"end":{"line":40,"column":null}},"12":{"start":{"line":42,"column":21},"end":{"line":56,"column":null}},"13":{"start":{"line":43,"column":8},"end":{"line":55,"column":null}},"14":{"start":{"line":44,"column":27},"end":{"line":44,"column":null}},"15":{"start":{"line":45,"column":12},"end":{"line":45,"column":null}},"16":{"start":{"line":46,"column":12},"end":{"line":46,"column":null}},"17":{"start":{"line":49,"column":26},"end":{"line":49,"column":null}},"18":{"start":{"line":50,"column":31},"end":{"line":50,"column":null}},"19":{"start":{"line":51,"column":12},"end":{"line":51,"column":null}},"20":{"start":{"line":53,"column":29},"end":{"line":53,"column":null}},"21":{"start":{"line":54,"column":12},"end":{"line":54,"column":null}},"22":{"start":{"line":58,"column":4},"end":{"line":85,"column":null}}},"fnMap":{"0":{"name":"LoginForm","decl":{"start":{"line":13,"column":16},"end":{"line":13,"column":28}},"loc":{"start":{"line":13,"column":28},"end":{"line":87,"column":null}},"line":13},"1":{"name":"(anonymous_1)","decl":{"start":{"line":16,"column":31},"end":{"line":16,"column":32}},"loc":{"start":{"line":16,"column":42},"end":{"line":16,"column":53}},"line":16},"2":{"name":"(anonymous_2)","decl":{"start":{"line":19,"column":28},"end":{"line":19,"column":29}},"loc":{"start":{"line":19,"column":46},"end":{"line":28,"column":null}},"line":19},"3":{"name":"(anonymous_3)","decl":{"start":{"line":42,"column":21},"end":{"line":42,"column":28}},"loc":{"start":{"line":42,"column":52},"end":{"line":56,"column":null}},"line":42}},"branchMap":{"0":{"loc":{"start":{"line":21,"column":8},"end":{"line":23,"column":null}},"type":"if","locations":[{"start":{"line":21,"column":8},"end":{"line":23,"column":null}},{"start":{},"end":{}}],"line":21},"1":{"loc":{"start":{"line":24,"column":8},"end":{"line":26,"column":null}},"type":"if","locations":[{"start":{"line":24,"column":8},"end":{"line":26,"column":null}},{"start":{},"end":{}}],"line":24},"2":{"loc":{"start":{"line":50,"column":31},"end":{"line":50,"column":null}},"type":"binary-expr","locations":[{"start":{"line":50,"column":31},"end":{"line":50,"column":39}},{"start":{"line":50,"column":39},"end":{"line":50,"column":null}}],"line":50},"3":{"loc":{"start":{"line":53,"column":29},"end":{"line":53,"column":null}},"type":"binary-expr","locations":[{"start":{"line":53,"column":29},"end":{"line":53,"column":110}},{"start":{"line":53,"column":110},"end":{"line":53,"column":null}}],"line":53}},"s":{"0":20,"1":20,"2":20,"3":20,"4":20,"5":20,"6":3,"7":1,"8":2,"9":1,"10":1,"11":20,"12":20,"13":5,"14":5,"15":3,"16":3,"17":3,"18":5,"19":5,"20":2,"21":2,"22":20},"f":{"0":20,"1":20,"2":3,"3":5},"b":{"0":[1,2],"1":[1,1],"2":[5,3],"3":[2,1]},"meta":{"lastBranch":4,"lastFunction":4,"lastStatement":23,"seen":{"f:13:16:13:28":0,"s:14:10:14:Infinity":0,"s:15:10:15:Infinity":1,"s:16:10:16:Infinity":2,"f:16:31:16:32":1,"s:16:42:16:53":3,"s:17:10:17:Infinity":4,"s:19:28:28:Infinity":5,"f:19:28:19:29":2,"b:21:8:23:Infinity:undefined:undefined:undefined:undefined":0,"s:21:8:23:Infinity":6,"s:22:12:22:Infinity":7,"b:24:8:26:Infinity:undefined:undefined:undefined:undefined":1,"s:24:8:26:Infinity":8,"s:25:12:25:Infinity":9,"s:27:8:27:Infinity":10,"s:34:4:40:Infinity":11,"s:42:21:56:Infinity":12,"f:42:21:42:28":3,"s:43:8:55:Infinity":13,"s:44:27:44:Infinity":14,"s:45:12:45:Infinity":15,"s:46:12:46:Infinity":16,"s:49:26:49:Infinity":17,"s:50:31:50:Infinity":18,"b:50:31:50:39:50:39:50:Infinity":2,"s:51:12:51:Infinity":19,"s:53:29:53:Infinity":20,"b:53:29:53:110:53:110:53:Infinity":3,"s:54:12:54:Infinity":21,"s:58:4:85:Infinity":22}}}
[...]
,"/Users/harshgoyal/Desktop/db-query-portal/frontend/src/features/submissions/components/submission-table/index.tsx": {"path":"/Users/harshgoyal/Desktop/db-query-portal/frontend/src/features/submissions/components/submission-table/index.tsx","statementMap":{"0":{"start":{"line":29,"column":4},"end":{"line":35,"column":null}},"1":{"start":{"line":30,"column":8},"end":{"line":33,"column":null}},"2":{"start":{"line":37,"column":4},"end":{"line":50,"column":null}},"3":{"start":{"line":38,"column":8},"end":{"line":44,"column":null}},"4":{"start":{"line":39,"column":12},"end":{"line":42,"column":null}},"5":{"start":{"line":45,"column":8},"end":{"line":48,"column":null}},"6":{"start":{"line":52,"column":28},"end":{"line":58,"column":null}},"7":{"start":{"line":53,"column":8},"end":{"line":55,"column":null}},"8":{"start":{"line":54,"column":12},"end":{"line":54,"column":null}},"9":{"start":{"line":56,"column":22},"end":{"line":56,"column":null}},"10":{"start":{"line":57,"column":8},"end":{"line":57,"column":null}},"11":{"start":{"line":60,"column":21},"end":{"line":62,"column":null}},"12":{"start":{"line":61,"column":8},"end":{"line":61,"column":null}},"13":{"start":{"line":64,"column":4},"end":{"line":179,"column":null}},"14":{"start":{"line":91,"column":24},"end":{"line":175,"column":null}},"15":{"start":{"line":128,"column":55},"end":{"line":128,"column":null}},"16":{"start":{"line":154,"column":59},"end":{"line":154,"column":null}}},"fnMap":{"0":{"name":"SubmissionTable","decl":{"start":{"line":19,"column":16},"end":{"line":19,"column":32}},"loc":{"start":{"line":28,"column":25},"end":{"line":181,"column":null}},"line":28},"1":{"name":"(anonymous_1)","decl":{"start":{"line":52,"column":28},"end":{"line":52,"column":29}},"loc":{"start":{"line":52,"column":63},"end":{"line":58,"column":null}},"line":52},"2":{"name":"(anonymous_2)","decl":{"start":{"line":60,"column":21},"end":{"line":60,"column":22}},"loc":{"start":{"line":60,"column":57},"end":{"line":62,"column":null}},"line":60},"3":{"name":"(anonymous_3)","decl":{"start":{"line":90,"column":34},"end":{"line":90,"column":35}},"loc":{"start":{"line":91,"column":24},"end":{"line":175,"column":null}},"line":91},"4":{"name":"(anonymous_4)","decl":{"start":{"line":128,"column":49},"end":{"line":128,"column":55}},"loc":{"start":{"line":128,"column":55},"end":{"line":128,"column":null}},"line":128},"5":{"name":"(anonymous_5)","decl":{"start":{"line":154,"column":53},"end":{"line":154,"column":59}},"loc":{"start":{"line":154,"column":59},"end":{"line":154,"column":null}},"line":154}},"branchMap":{"0":{"loc":{"start":{"line":29,"column":4},"end":{"line":35,"column":null}},"type":"if","locations":[{"start":{"line":29,"column":4},"end":{"line":35,"column":null}},{"start":{},"end":{}}],"line":29},"1":{"loc":{"start":{"line":37,"column":4},"end":{"line":50,"column":null}},"type":"if","locations":[{"start":{"line":37,"column":4},"end":{"line":50,"column":null}},{"start":{},"end":{}}],"line":37},"2":{"loc":{"start":{"line":38,"column":8},"end":{"line":44,"column":null}},"type":"if","locations":[{"start":{"line":38,"column":8},"end":{"line":44,"column":null}},{"start":{},"end":{}}],"line":38},"3":{"loc":{"start":{"line":53,"column":8},"end":{"line":55,"column":null}},"type":"if","locations":[{"start":{"line":53,"column":8},"end":{"line":55,"column":null}},{"start":{},"end":{}}],"line":53},"4":{"loc":{"start":{"line":54,"column":19},"end":{"line":54,"column":null}},"type":"binary-expr","locations":[{"start":{"line":54,"column":19},"end":{"line":54,"column":45}},{"start":{"line":54,"column":45},"end":{"line":54,"column":null}}],"line":54},"5":{"loc":{"start":{"line":56,"column":22},"end":{"line":56,"column":null}},"type":"binary-expr","locations":[{"start":{"line":56,"column":22},"end":{"line":56,"column":39}},{"start":{"line":56,"column":39},"end":{"line":56,"column":null}}],"line":56},"6":{"loc":{"start":{"line":57,"column":15},"end":{"line":57,"column":null}},"type":"cond-expr","locations":[{"start":{"line":57,"column":35},"end":{"line":57,"column":64}},{"start":{"line":57,"column":64},"end":{"line":57,"column":null}}],"line":57},"7":{"loc":{"start":{"line":105,"column":37},"end":{"line":112,"column":null}},"type":"cond-expr","locations":[{"start":{"line":106,"column":40},"end":{"line":108,"column":null}},{"start":{"line":110,"column":40},"end":{"line":112,"column":null}}],"line":105},"8":{"loc":{"start":{"line":152,"column":37},"end":{"line":171,"column":null}},"type":"binary-expr","locations":[{"start":{"line":152,"column":37},"end":{"line":152,"column":null}},{"start":{"line":153,"column":40},"end":{"line":171,"column":null}}],"line":152}},"s":{"0":10,"1":1,"2":9,"3":2,"4":1,"5":1,"6":7,"7":11,"8":2,"9":9,"10":11,"11":7,"12":11,"13":7,"14":11,"15":1,"16":1},"f":{"0":10,"1":11,"2":11,"3":11,"4":1,"5":1},"b":{"0":[1,9],"1":[2,7],"2":[1,1],"3":[2,9],"4":[2,1],"5":[9,0],"6":[1,8],"7":[4,7],"8":[11,4]},"meta":{"lastBranch":9,"lastFunction":6,"lastStatement":17,"seen":{"f:19:16:19:32":0,"b:29:4:35:Infinity:undefined:undefined:undefined:undefined":0,"s:29:4:35:Infinity":0,"s:30:8:33:Infinity":1,"b:37:4:50:Infinity:undefined:undefined:undefined:undefined":1,"s:37:4:50:Infinity":2,"b:38:8:44:Infinity:undefined:undefined:undefined:undefined":2,"s:38:8:44:Infinity":3,"s:39:12:42:Infinity":4,"s:45:8:48:Infinity":5,"s:52:28:58:Infinity":6,"f:52:28:52:29":1,"b:53:8:55:Infinity:undefined:undefined:undefined:undefined":3,"s:53:8:55:Infinity":7,"s:54:12:54:Infinity":8,"b:54:19:54:45:54:45:54:Infinity":4,"s:56:22:56:Infinity":9,"b:56:22:56:39:56:39:56:Infinity":5,"s:57:8:57:Infinity":10,"b:57:35:57:64:57:64:57:Infinity":6,"s:60:21:62:Infinity":11,"f:60:21:60:22":2,"s:61:8:61:Infinity":12,"s:64:4:179:Infinity":13,"f:90:34:90:35":3,"s:91:24:175:Infinity":14,"b:106:40:108:Infinity:110:40:112:Infinity":7,"f:128:49:128:55":4,"s:128:55:128:Infinity":15,"b:152:37:152:Infinity:153:40:171:Infinity":8,"f:154:53:154:59":5,"s:154:59:154:Infinity":16}}}
,"/Users/harshgoyal/Desktop/db-query-portal/frontend/src/layouts/sidebar.tsx": {"path":"/Users/harshgoyal/Desktop/db-query-portal/frontend/src/layouts/sidebar.tsx","statementMap":{"0":{"start":{"line":8,"column":17},"end":{"line":8,"column":null}},"1":{"start":{"line":10,"column":29},"end":{"line":12,"column":null}},"2":{"start":{"line":11,"column":9},"end":{"line":11,"column":null}},"3":{"start":{"line":14,"column":20},"end":{"line":69,"column":null}},"4":{"start":{"line":15,"column":8},"end":{"line":68,"column":null}},"5":{"start":{"line":17,"column":16},"end":{"line":25,"column":null}},"6":{"start":{"line":28,"column":16},"end":{"line":36,"column":null}},"7":{"start":{"line":39,"column":16},"end":{"line":47,"column":null}},"8":{"start":{"line":50,"column":16},"end":{"line":64,"column":null}},"9":{"start":{"line":67,"column":16},"end":{"line":67,"column":null}},"10":{"start":{"line":71,"column":4},"end":{"line":134,"column":null}},"11":{"start":{"line":99,"column":24},"end":{"line":115,"column":null}},"12":{"start":{"line":102,"column":55},"end":{"line":109,"column":null}}},"fnMap":{"0":{"name":"Sidebar","decl":{"start":{"line":7,"column":16},"end":{"line":7,"column":26}},"loc":{"start":{"line":7,"column":26},"end":{"line":136,"column":null}},"line":7},"1":{"name":"(anonymous_1)","decl":{"start":{"line":10,"column":46},"end":{"line":10,"column":47}},"loc":{"start":{"line":11,"column":9},"end":{"line":11,"column":null}},"line":11},"2":{"name":"(anonymous_2)","decl":{"start":{"line":14,"column":20},"end":{"line":14,"column":21}},"loc":{"start":{"line":14,"column":42},"end":{"line":69,"column":null}},"line":14},"3":{"name":"(anonymous_3)","decl":{"start":{"line":98,"column":42},"end":{"line":98,"column":43}},"loc":{"start":{"line":99,"column":24},"end":{"line":115,"column":null}},"line":99},"4":{"name":"(anonymous_4)","decl":{"start":{"line":102,"column":43},"end":{"line":102,"column":44}},"loc":{"start":{"line":102,"column":55},"end":{"line":109,"column":null}},"line":102}},"branchMap":{"0":{"loc":{"start":{"line":11,"column":51},"end":{"line":11,"column":83}},"type":"binary-expr","locations":[{"start":{"line":11,"column":51},"end":{"line":11,"column":65}},{"start":{"line":11,"column":65},"end":{"line":11,"column":83}}],"line":11},"1":{"loc":{"start":{"line":15,"column":8},"end":{"line":68,"column":null}},"type":"switch","locations":[{"start":{"line":16,"column":12},"end":{"line":25,"column":null}},{"start":{"line":27,"column":12},"end":{"line":36,"column":null}},{"start":{"line":38,"column":12},"end":{"line":47,"column":null}},{"start":{"line":49,"column":12},"end":{"line":64,"column":null}},{"start":{"line":66,"column":12},"end":{"line":67,"column":null}}],"line":15},"2":{"loc":{"start":{"line":106,"column":40},"end":{"line":108,"column":null}},"type":"cond-expr","locations":[{"start":{"line":107,"column":46},"end":{"line":107,"column":null}},{"start":{"line":108,"column":46},"end":{"line":108,"column":null}}],"line":106},"3":{"loc":{"start":{"line":125,"column":29},"end":{"line":125,"column":null}},"type":"binary-expr","locations":[{"start":{"line":125,"column":29},"end":{"line":125,"column":68}},{"start":{"line":125,"column":68},"end":{"line":125,"column":null}}],"line":125}},"s":{"0":7,"1":7,"2":35,"3":7,"4":21,"5":7,"6":6,"7":2,"8":1,"9":5,"10":7,"11":21,"12":21},"f":{"0":7,"1":35,"2":21,"3":21,"4":21},"b":{"0":[35,5],"1":[7,6,2,1,5],"2":[1,20],"3":[7,1]},"meta":{"lastBranch":4,"lastFunction":5,"lastStatement":13,"seen":{"f:7:16:7:26":0,"s:8:17:8:Infinity":0,"s:10:29:12:Infinity":1,"f:10:46:10:47":1,"s:11:9:11:Infinity":2,"b:11:51:11:65:11:65:11:83":0,"s:14:20:69:Infinity":3,"f:14:20:14:21":2,"b:16:12:25:Infinity:27:12:36:Infinity:38:12:47:Infinity:49:12:64:Infinity:66:12:67:Infinity":1,"s:15:8:68:Infinity":4,"s:17:16:25:Infinity":5,"s:28:16:36:Infinity":6,"s:39:16:47:Infinity":7,"s:50:16:64:Infinity":8,"s:67:16:67:Infinity":9,"s:71:4:134:Infinity":10,"f:98:42:98:43":3,"s:99:24:115:Infinity":11,"f:102:43:102:44":4,"s:102:55:109:Infinity":12,"b:107:46:107:Infinity:108:46:108:Infinity":2,"b:125:29:125:68:125:68:125:Infinity":3}}}
,"/Users/harshgoyal/Desktop/db-query-portal/frontend/src/stores/auth-store.ts": {"path":"/Users/harshgoyal/Desktop/db-query-portal/frontend/src/stores/auth-store.ts","statementMap":{"0":{"start":{"line":18,"column":13},"end":{"line":63,"column":null}},"1":{"start":{"line":20,"column":18},"end":{"line":52,"column":null}},"2":{"start":{"line":27,"column":16},"end":{"line":32,"column":null}},"3":{"start":{"line":35,"column":16},"end":{"line":40,"column":null}},"4":{"start":{"line":43,"column":16},"end":{"line":46,"column":null}},"5":{"start":{"line":49,"column":16},"end":{"line":51,"column":null}},"6":{"start":{"line":55,"column":36},"end":{"line":60,"column":null}}},"fnMap":{"0":{"name":"(anonymous_0)","decl":{"start":{"line":20,"column":8},"end":{"line":20,"column":9}},"loc":{"start":{"line":20,"column":18},"end":{"line":52,"column":null}},"line":20},"1":{"name":"(anonymous_1)","decl":{"start":{"line":26,"column":19},"end":{"line":26,"column":20}},"loc":{"start":{"line":27,"column":16},"end":{"line":32,"column":null}},"line":27},"2":{"name":"(anonymous_2)","decl":{"start":{"line":34,"column":20},"end":{"line":34,"column":null}},"loc":{"start":{"line":35,"column":16},"end":{"line":40,"column":null}},"line":35},"3":{"name":"(anonymous_3)","decl":{"start":{"line":42,"column":23},"end":{"line":42,"column":24}},"loc":{"start":{"line":43,"column":16},"end":{"line":46,"column":null}},"line":43},"4":{"name":"(anonymous_4)","decl":{"start":{"line":48,"column":21},"end":{"line":48,"column":22}},"loc":{"start":{"line":49,"column":16},"end":{"line":51,"column":null}},"line":49},"5":{"name":"(anonymous_5)","decl":{"start":{"line":55,"column":24},"end":{"line":55,"column":25}},"loc":{"start":{"line":55,"column":36},"end":{"line":60,"column":null}},"line":55}},"branchMap":{},"s":{"0":1,"1":1,"2":2,"3":6,"4":1,"5":1,"6":10},"f":{"0":1,"1":2,"2":6,"3":1,"4":1,"5":10},"b":{},"meta":{"lastBranch":0,"lastFunction":6,"lastStatement":7,"seen":{"s:18:13:63:Infinity":0,"f:20:8:20:9":0,"s:20:18:52:Infinity":1,"f:26:19:26:20":1,"s:27:16:32:Infinity":2,"f:34:20:34:Infinity":2,"s:35:16:40:Infinity":3,"f:42:23:42:24":3,"s:43:16:46:Infinity":4,"f:48:21:48:22":4,"s:49:16:51:Infinity":5,"f:55:24:55:25":5,"s:55:36:60:Infinity":6}}}
,"/Users/harshgoyal/Desktop/db-query-portal/frontend/src/types/index.ts": {"path":"/Users/harshgoyal/Desktop/db-query-portal/frontend/src/types/index.ts","statementMap":{"0":{"start":{"line":2,"column":24},"end":{"line":6,"column":null}},"1":{"start":{"line":11,"column":28},"end":{"line":14,"column":null}},"2":{"start":{"line":19,"column":29},"end":{"line":26,"column":null}},"3":{"start":{"line":31,"column":30},"end":{"line":34,"column":null}}},"fnMap":{},"branchMap":{},"s":{"0":11,"1":11,"2":11,"3":11},"f":{},"b":{},"meta":{"lastBranch":0,"lastFunction":0,"lastStatement":4,"seen":{"s:2:24:6:Infinity":0,"s:11:28:14:Infinity":1,"s:19:29:26:Infinity":2,"s:31:30:34:Infinity":3}}}
,"/Users/harshgoyal/Desktop/db-query-portal/frontend/src/utils/cn.ts": {"path":"/Users/harshgoyal/Desktop/db-query-portal/frontend/src/utils/cn.ts","statementMap":{"0":{"start":{"line":8,"column":4},"end":{"line":8,"column":null}}},"fnMap":{"0":{"name":"cn","decl":{"start":{"line":7,"column":16},"end":{"line":7,"column":22}},"loc":{"start":{"line":7,"column":44},"end":{"line":9,"column":null}},"line":7}},"branchMap":{},"s":{"0":2517},"f":{"0":2517},"b":{},"meta":{"lastBranch":0,"lastFunction":1,"lastStatement":1,"seen":{"f:7:16:7:22":0,"s:8:4:8:Infinity":0}}}
,"/Users/harshgoyal/Desktop/db-query-portal/frontend/src/utils/format-date.ts": {"path":"/Users/harshgoyal/Desktop/db-query-portal/frontend/src/utils/format-date.ts","statementMap":{"0":{"start":{"line":5,"column":17},"end":{"line":5,"column":null}},"1":{"start":{"line":6,"column":4},"end":{"line":12,"column":null}},"2":{"start":{"line":19,"column":17},"end":{"line":19,"column":null}},"3":{"start":{"line":20,"column":4},"end":{"line":23,"column":null}},"4":{"start":{"line":30,"column":17},"end":{"line":30,"column":null}},"5":{"start":{"line":31,"column":16},"end":{"line":31,"column":null}},"6":{"start":{"line":32,"column":19},"end":{"line":32,"column":null}},"7":{"start":{"line":33,"column":21},"end":{"line":33,"column":null}},"8":{"start":{"line":34,"column":22},"end":{"line":34,"column":null}},"9":{"start":{"line":35,"column":21},"end":{"line":35,"column":null}},"10":{"start":{"line":37,"column":4},"end":{"line":37,"column":null}},"11":{"start":{"line":37,"column":22},"end":{"line":37,"column":null}},"12":{"start":{"line":38,"column":4},"end":{"line":38,"column":null}},"13":{"start":{"line":38,"column":23},"end":{"line":38,"column":null}},"14":{"start":{"line":39,"column":4},"end":{"line":39,"column":null}},"15":{"start":{"line":39,"column":24},"end":{"line":39,"column":null}},"16":{"start":{"line":40,"column":4},"end":{"line":40,"column":null}},"17":{"start":{"line":40,"column":22},"end":{"line":40,"column":null}},"18":{"start":{"line":42,"column":4},"end":{"line":42,"column":null}}},"fnMap":{"0":{"name":"formatDate","decl":{"start":{"line":4,"column":16},"end":{"line":4,"column":27}},"loc":{"start":{"line":4,"column":55},"end":{"line":13,"column":null}},"line":4},"1":{"name":"formatDateShort","decl":{"start":{"line":18,"column":16},"end":{"line":18,"column":32}},"loc":{"start":{"line":18,"column":60},"end":{"line":24,"column":null}},"line":18},"2":{"name":"formatRelativeTime","decl":{"start":{"line":29,"column":16},"end":{"line":29,"column":35}},"loc":{"start":{"line":29,"column":63},"end":{"line":43,"column":null}},"line":29}},"branchMap":{"0":{"loc":{"start":{"line":37,"column":4},"end":{"line":37,"column":null}},"type":"if","locations":[{"start":{"line":37,"column":4},"end":{"line":37,"column":null}},{"start":{},"end":{}}],"line":37},"1":{"loc":{"start":{"line":38,"column":4},"end":{"line":38,"column":null}},"type":"if","locations":[{"start":{"line":38,"column":4},"end":{"line":38,"column":null}},{"start":{},"end":{}}],"line":38},"2":{"loc":{"start":{"line":39,"column":4},"end":{"line":39,"column":null}},"type":"if","locations":[{"start":{"line":39,"column":4},"end":{"line":39,"column":null}},{"start":{},"end":{}}],"line":39},"3":{"loc":{"start":{"line":40,"column":4},"end":{"line":40,"column":null}},"type":"if","locations":[{"start":{"line":40,"column":4},"end":{"line":40,"column":null}},{"start":{},"end":{}}],"line":40}},"s":{"0":29,"1":29,"2":13,"3":13,"4":5,"5":5,"6":5,"7":5,"8":5,"9":5,"10":5,"11":1,"12":4,"13":4,"14":3,"15":3,"16":2,"17":2,"18":1},"f":{"0":29,"1":13,"2":5},"b":{"0":[1,4],"1":[1,3],"2":[1,2],"3":[1,1]},"meta":{"lastBranch":4,"lastFunction":3,"lastStatement":19,"seen":{"f:4:16:4:27":0,"s:5:17:5:Infinity":0,"s:6:4:12:Infinity":1,"f:18:16:18:32":1,"s:19:17:19:Infinity":2,"s:20:4:23:Infinity":3,"f:29:16:29:35":2,"s:30:17:30:Infinity":4,"s:31:16:31:Infinity":5,"s:32:19:32:Infinity":6,"s:33:21:33:Infinity":7,"s:34:22:34:Infinity":8,"s:35:21:35:Infinity":9,"b:37:4:37:Infinity:undefined:undefined:undefined:undefined":0,"s:37:4:37:Infinity":10,"s:37:22:37:Infinity":11,"b:38:4:38:Infinity:undefined:undefined:undefined:undefined":1,"s:38:4:38:Infinity":12,"s:38:23:38:Infinity":13,"b:39:4:39:Infinity:undefined:undefined:undefined:undefined":2,"s:39:4:39:Infinity":14,"s:39:24:39:Infinity":15,"b:40:4:40:Infinity:undefined:undefined:undefined:undefined":3,"s:40:4:40:Infinity":16,"s:40:22:40:Infinity":17,"s:42:4:42:Infinity":18}}}
,"/Users/harshgoyal/Desktop/db-query-portal/frontend/src/utils/schemas.ts": {"path":"/Users/harshgoyal/Desktop/db-query-portal/frontend/src/utils/schemas.ts","statementMap":{"0":{"start":{"line":7,"column":27},"end":{"line":16,"column":null}},"1":{"start":{"line":24,"column":34},"end":{"line":26,"column":null}},"2":{"start":{"line":28,"column":36},"end":{"line":30,"column":null}},"3":{"start":{"line":33,"column":26},"end":{"line":39,"column":null}},"4":{"start":{"line":42,"column":34},"end":{"line":45,"column":null}},"5":{"start":{"line":48,"column":35},"end":{"line":55,"column":null}},"6":{"start":{"line":52,"column":26},"end":{"line":52,"column":53}},"7":{"start":{"line":58,"column":37},"end":{"line":61,"column":null}}},"fnMap":{"0":{"name":"(anonymous_0)","decl":{"start":{"line":52,"column":16},"end":{"line":52,"column":17}},"loc":{"start":{"line":52,"column":26},"end":{"line":52,"column":53}},"line":52}},"branchMap":{},"s":{"0":2,"1":2,"2":2,"3":2,"4":2,"5":2,"6":2,"7":2},"f":{"0":2},"b":{},"meta":{"lastBranch":0,"lastFunction":1,"lastStatement":8,"seen":{"s:7:27:16:Infinity":0,"s:24:34:26:Infinity":1,"s:28:36:30:Infinity":2,"s:33:26:39:Infinity":3,"s:42:34:45:Infinity":4,"s:48:35:55:Infinity":5,"f:52:16:52:17":0,"s:52:26:52:53":6,"s:58:37:61:Infinity":7}}}
}
